{"/home/shipko/devel/messenger-yandex/components/Block.ts":{"path":"/home/shipko/devel/messenger-yandex/components/Block.ts","statementMap":{"0":{"start":{"line":3,"column":51},"end":{"line":3,"column":355}},"1":{"start":{"line":3,"column":126},"end":{"line":3,"column":181}},"2":{"start":{"line":3,"column":160},"end":{"line":3,"column":178}},"3":{"start":{"line":3,"column":191},"end":{"line":3,"column":353}},"4":{"start":{"line":3,"column":225},"end":{"line":3,"column":350}},"5":{"start":{"line":3,"column":356},"end":{"line":3,"column":376}},"6":{"start":{"line":5,"column":0},"end":{"line":7,"column":3}},"7":{"start":{"line":8,"column":0},"end":{"line":8,"column":28}},"8":{"start":{"line":10,"column":18},"end":{"line":10,"column":71}},"9":{"start":{"line":12,"column":39},"end":{"line":12,"column":95}},"10":{"start":{"line":14,"column":50},"end":{"line":14,"column":151}},"11":{"start":{"line":14,"column":92},"end":{"line":14,"column":149}},"12":{"start":{"line":16,"column":44},"end":{"line":16,"column":315}},"13":{"start":{"line":16,"column":57},"end":{"line":16,"column":58}},"14":{"start":{"line":16,"column":102},"end":{"line":16,"column":110}},"15":{"start":{"line":16,"column":112},"end":{"line":16,"column":167}},"16":{"start":{"line":16,"column":168},"end":{"line":16,"column":199}},"17":{"start":{"line":16,"column":200},"end":{"line":16,"column":254}},"18":{"start":{"line":16,"column":227},"end":{"line":16,"column":254}},"19":{"start":{"line":16,"column":255},"end":{"line":16,"column":313}},"20":{"start":{"line":18,"column":62},"end":{"line":18,"column":131}},"21":{"start":{"line":18,"column":78},"end":{"line":18,"column":131}},"22":{"start":{"line":18,"column":132},"end":{"line":18,"column":193}},"23":{"start":{"line":18,"column":149},"end":{"line":18,"column":193}},"24":{"start":{"line":18,"column":194},"end":{"line":18,"column":213}},"25":{"start":{"line":20,"column":43},"end":{"line":20,"column":182}},"26":{"start":{"line":20,"column":106},"end":{"line":20,"column":180}},"27":{"start":{"line":20,"column":183},"end":{"line":20,"column":328}},"28":{"start":{"line":20,"column":329},"end":{"line":20,"column":383}},"29":{"start":{"line":20,"column":345},"end":{"line":20,"column":383}},"30":{"start":{"line":22,"column":33},"end":{"line":22,"column":138}},"31":{"start":{"line":22,"column":109},"end":{"line":22,"column":125}},"32":{"start":{"line":22,"column":126},"end":{"line":22,"column":135}},"33":{"start":{"line":22,"column":139},"end":{"line":22,"column":168}},"34":{"start":{"line":24,"column":65},"end":{"line":24,"column":92}},"35":{"start":{"line":24,"column":94},"end":{"line":24,"column":423}},"36":{"start":{"line":24,"column":147},"end":{"line":24,"column":171}},"37":{"start":{"line":24,"column":181},"end":{"line":24,"column":371}},"38":{"start":{"line":24,"column":230},"end":{"line":24,"column":263}},"39":{"start":{"line":24,"column":265},"end":{"line":24,"column":321}},"40":{"start":{"line":24,"column":331},"end":{"line":24,"column":369}},"41":{"start":{"line":24,"column":372},"end":{"line":24,"column":420}},"42":{"start":{"line":26,"column":50},"end":{"line":26,"column":138}},"43":{"start":{"line":26,"column":124},"end":{"line":26,"column":136}},"44":{"start":{"line":26,"column":139},"end":{"line":26,"column":175}},"45":{"start":{"line":28,"column":40},"end":{"line":28,"column":151}},"46":{"start":{"line":28,"column":63},"end":{"line":28,"column":149}},"47":{"start":{"line":28,"column":152},"end":{"line":28,"column":164}},"48":{"start":{"line":30,"column":39},"end":{"line":30,"column":110}},"49":{"start":{"line":30,"column":97},"end":{"line":30,"column":110}},"50":{"start":{"line":30,"column":111},"end":{"line":30,"column":152}},"51":{"start":{"line":30,"column":139},"end":{"line":30,"column":152}},"52":{"start":{"line":30,"column":153},"end":{"line":30,"column":198}},"53":{"start":{"line":30,"column":186},"end":{"line":30,"column":198}},"54":{"start":{"line":30,"column":199},"end":{"line":30,"column":322}},"55":{"start":{"line":30,"column":205},"end":{"line":30,"column":279}},"56":{"start":{"line":30,"column":280},"end":{"line":30,"column":292}},"57":{"start":{"line":30,"column":307},"end":{"line":30,"column":320}},"58":{"start":{"line":32,"column":30},"end":{"line":32,"column":176}},"59":{"start":{"line":32,"column":126},"end":{"line":32,"column":173}},"60":{"start":{"line":32,"column":177},"end":{"line":32,"column":203}},"61":{"start":{"line":34,"column":25},"end":{"line":53,"column":25}},"62":{"start":{"line":35,"column":2},"end":{"line":35,"column":31}},"63":{"start":{"line":37,"column":15},"end":{"line":37,"column":34}},"64":{"start":{"line":40,"column":4},"end":{"line":40,"column":33}},"65":{"start":{"line":42,"column":4},"end":{"line":42,"column":41}},"66":{"start":{"line":45,"column":2},"end":{"line":50,"column":6}},"67":{"start":{"line":48,"column":6},"end":{"line":48,"column":54}},"68":{"start":{"line":52,"column":2},"end":{"line":52,"column":15}},"69":{"start":{"line":55,"column":15},"end":{"line":55,"column":20}},"70":{"start":{"line":56,"column":0},"end":{"line":56,"column":30}}},"fnMap":{"0":{"name":"_typeof","decl":{"start":{"line":3,"column":9},"end":{"line":3,"column":16}},"loc":{"start":{"line":3,"column":22},"end":{"line":3,"column":378}},"line":3},"1":{"name":"_typeof","decl":{"start":{"line":3,"column":145},"end":{"line":3,"column":152}},"loc":{"start":{"line":3,"column":158},"end":{"line":3,"column":180}},"line":3},"2":{"name":"_typeof","decl":{"start":{"line":3,"column":210},"end":{"line":3,"column":217}},"loc":{"start":{"line":3,"column":223},"end":{"line":3,"column":352}},"line":3},"3":{"name":"_interopRequireDefault","decl":{"start":{"line":12,"column":9},"end":{"line":12,"column":31}},"loc":{"start":{"line":12,"column":37},"end":{"line":12,"column":97}},"line":12},"4":{"name":"_classCallCheck","decl":{"start":{"line":14,"column":9},"end":{"line":14,"column":24}},"loc":{"start":{"line":14,"column":48},"end":{"line":14,"column":153}},"line":14},"5":{"name":"_defineProperties","decl":{"start":{"line":16,"column":9},"end":{"line":16,"column":26}},"loc":{"start":{"line":16,"column":42},"end":{"line":16,"column":317}},"line":16},"6":{"name":"_createClass","decl":{"start":{"line":18,"column":9},"end":{"line":18,"column":21}},"loc":{"start":{"line":18,"column":60},"end":{"line":18,"column":215}},"line":18},"7":{"name":"_inherits","decl":{"start":{"line":20,"column":9},"end":{"line":20,"column":18}},"loc":{"start":{"line":20,"column":41},"end":{"line":20,"column":385}},"line":20},"8":{"name":"_setPrototypeOf","decl":{"start":{"line":22,"column":9},"end":{"line":22,"column":24}},"loc":{"start":{"line":22,"column":31},"end":{"line":22,"column":170}},"line":22},"9":{"name":"_setPrototypeOf","decl":{"start":{"line":22,"column":85},"end":{"line":22,"column":100}},"loc":{"start":{"line":22,"column":107},"end":{"line":22,"column":137}},"line":22},"10":{"name":"_createSuper","decl":{"start":{"line":24,"column":9},"end":{"line":24,"column":21}},"loc":{"start":{"line":24,"column":31},"end":{"line":24,"column":425}},"line":24},"11":{"name":"_createSuperInternal","decl":{"start":{"line":24,"column":110},"end":{"line":24,"column":130}},"loc":{"start":{"line":24,"column":133},"end":{"line":24,"column":422}},"line":24},"12":{"name":"_possibleConstructorReturn","decl":{"start":{"line":26,"column":9},"end":{"line":26,"column":35}},"loc":{"start":{"line":26,"column":48},"end":{"line":26,"column":177}},"line":26},"13":{"name":"_assertThisInitialized","decl":{"start":{"line":28,"column":9},"end":{"line":28,"column":31}},"loc":{"start":{"line":28,"column":38},"end":{"line":28,"column":166}},"line":28},"14":{"name":"_isNativeReflectConstruct","decl":{"start":{"line":30,"column":9},"end":{"line":30,"column":34}},"loc":{"start":{"line":30,"column":37},"end":{"line":30,"column":324}},"line":30},"15":{"name":"(anonymous_15)","decl":{"start":{"line":30,"column":262},"end":{"line":30,"column":263}},"loc":{"start":{"line":30,"column":274},"end":{"line":30,"column":276}},"line":30},"16":{"name":"_getPrototypeOf","decl":{"start":{"line":32,"column":9},"end":{"line":32,"column":24}},"loc":{"start":{"line":32,"column":28},"end":{"line":32,"column":205}},"line":32},"17":{"name":"_getPrototypeOf","decl":{"start":{"line":32,"column":105},"end":{"line":32,"column":120}},"loc":{"start":{"line":32,"column":124},"end":{"line":32,"column":175}},"line":32},"18":{"name":"(anonymous_18)","decl":{"start":{"line":34,"column":25},"end":{"line":34,"column":26}},"loc":{"start":{"line":34,"column":47},"end":{"line":53,"column":1}},"line":34},"19":{"name":"Block","decl":{"start":{"line":39,"column":11},"end":{"line":39,"column":16}},"loc":{"start":{"line":39,"column":19},"end":{"line":43,"column":3}},"line":39},"20":{"name":"template","decl":{"start":{"line":47,"column":20},"end":{"line":47,"column":28}},"loc":{"start":{"line":47,"column":31},"end":{"line":49,"column":5}},"line":47}},"branchMap":{"0":{"loc":{"start":{"line":3,"column":51},"end":{"line":3,"column":355}},"type":"if","locations":[{"start":{"line":3,"column":51},"end":{"line":3,"column":355}},{"start":{"line":3,"column":51},"end":{"line":3,"column":355}}],"line":3},"1":{"loc":{"start":{"line":3,"column":55},"end":{"line":3,"column":122}},"type":"binary-expr","locations":[{"start":{"line":3,"column":55},"end":{"line":3,"column":83}},{"start":{"line":3,"column":87},"end":{"line":3,"column":122}}],"line":3},"2":{"loc":{"start":{"line":3,"column":232},"end":{"line":3,"column":349}},"type":"cond-expr","locations":[{"start":{"line":3,"column":328},"end":{"line":3,"column":336}},{"start":{"line":3,"column":339},"end":{"line":3,"column":349}}],"line":3},"3":{"loc":{"start":{"line":3,"column":232},"end":{"line":3,"column":325}},"type":"binary-expr","locations":[{"start":{"line":3,"column":232},"end":{"line":3,"column":235}},{"start":{"line":3,"column":239},"end":{"line":3,"column":267}},{"start":{"line":3,"column":271},"end":{"line":3,"column":297}},{"start":{"line":3,"column":301},"end":{"line":3,"column":325}}],"line":3},"4":{"loc":{"start":{"line":12,"column":46},"end":{"line":12,"column":94}},"type":"cond-expr","locations":[{"start":{"line":12,"column":70},"end":{"line":12,"column":73}},{"start":{"line":12,"column":76},"end":{"line":12,"column":94}}],"line":12},"5":{"loc":{"start":{"line":12,"column":46},"end":{"line":12,"column":67}},"type":"binary-expr","locations":[{"start":{"line":12,"column":46},"end":{"line":12,"column":49}},{"start":{"line":12,"column":53},"end":{"line":12,"column":67}}],"line":12},"6":{"loc":{"start":{"line":14,"column":50},"end":{"line":14,"column":151}},"type":"if","locations":[{"start":{"line":14,"column":50},"end":{"line":14,"column":151}},{"start":{"line":14,"column":50},"end":{"line":14,"column":151}}],"line":14},"7":{"loc":{"start":{"line":16,"column":136},"end":{"line":16,"column":166}},"type":"binary-expr","locations":[{"start":{"line":16,"column":136},"end":{"line":16,"column":157}},{"start":{"line":16,"column":161},"end":{"line":16,"column":166}}],"line":16},"8":{"loc":{"start":{"line":16,"column":200},"end":{"line":16,"column":254}},"type":"if","locations":[{"start":{"line":16,"column":200},"end":{"line":16,"column":254}},{"start":{"line":16,"column":200},"end":{"line":16,"column":254}}],"line":16},"9":{"loc":{"start":{"line":18,"column":62},"end":{"line":18,"column":131}},"type":"if","locations":[{"start":{"line":18,"column":62},"end":{"line":18,"column":131}},{"start":{"line":18,"column":62},"end":{"line":18,"column":131}}],"line":18},"10":{"loc":{"start":{"line":18,"column":132},"end":{"line":18,"column":193}},"type":"if","locations":[{"start":{"line":18,"column":132},"end":{"line":18,"column":193}},{"start":{"line":18,"column":132},"end":{"line":18,"column":193}}],"line":18},"11":{"loc":{"start":{"line":20,"column":43},"end":{"line":20,"column":182}},"type":"if","locations":[{"start":{"line":20,"column":43},"end":{"line":20,"column":182}},{"start":{"line":20,"column":43},"end":{"line":20,"column":182}}],"line":20},"12":{"loc":{"start":{"line":20,"column":47},"end":{"line":20,"column":102}},"type":"binary-expr","locations":[{"start":{"line":20,"column":47},"end":{"line":20,"column":79}},{"start":{"line":20,"column":83},"end":{"line":20,"column":102}}],"line":20},"13":{"loc":{"start":{"line":20,"column":218},"end":{"line":20,"column":252}},"type":"binary-expr","locations":[{"start":{"line":20,"column":218},"end":{"line":20,"column":228}},{"start":{"line":20,"column":232},"end":{"line":20,"column":252}}],"line":20},"14":{"loc":{"start":{"line":20,"column":329},"end":{"line":20,"column":383}},"type":"if","locations":[{"start":{"line":20,"column":329},"end":{"line":20,"column":383}},{"start":{"line":20,"column":329},"end":{"line":20,"column":383}}],"line":20},"15":{"loc":{"start":{"line":22,"column":51},"end":{"line":22,"column":137}},"type":"binary-expr","locations":[{"start":{"line":22,"column":51},"end":{"line":22,"column":72}},{"start":{"line":22,"column":76},"end":{"line":22,"column":137}}],"line":22},"16":{"loc":{"start":{"line":24,"column":181},"end":{"line":24,"column":371}},"type":"if","locations":[{"start":{"line":24,"column":181},"end":{"line":24,"column":371}},{"start":{"line":24,"column":181},"end":{"line":24,"column":371}}],"line":24},"17":{"loc":{"start":{"line":26,"column":50},"end":{"line":26,"column":138}},"type":"if","locations":[{"start":{"line":26,"column":50},"end":{"line":26,"column":138}},{"start":{"line":26,"column":50},"end":{"line":26,"column":138}}],"line":26},"18":{"loc":{"start":{"line":26,"column":54},"end":{"line":26,"column":120}},"type":"binary-expr","locations":[{"start":{"line":26,"column":54},"end":{"line":26,"column":58}},{"start":{"line":26,"column":63},"end":{"line":26,"column":89}},{"start":{"line":26,"column":93},"end":{"line":26,"column":119}}],"line":26},"19":{"loc":{"start":{"line":28,"column":40},"end":{"line":28,"column":151}},"type":"if","locations":[{"start":{"line":28,"column":40},"end":{"line":28,"column":151}},{"start":{"line":28,"column":40},"end":{"line":28,"column":151}}],"line":28},"20":{"loc":{"start":{"line":30,"column":39},"end":{"line":30,"column":110}},"type":"if","locations":[{"start":{"line":30,"column":39},"end":{"line":30,"column":110}},{"start":{"line":30,"column":39},"end":{"line":30,"column":110}}],"line":30},"21":{"loc":{"start":{"line":30,"column":43},"end":{"line":30,"column":95}},"type":"binary-expr","locations":[{"start":{"line":30,"column":43},"end":{"line":30,"column":73}},{"start":{"line":30,"column":77},"end":{"line":30,"column":95}}],"line":30},"22":{"loc":{"start":{"line":30,"column":111},"end":{"line":30,"column":152}},"type":"if","locations":[{"start":{"line":30,"column":111},"end":{"line":30,"column":152}},{"start":{"line":30,"column":111},"end":{"line":30,"column":152}}],"line":30},"23":{"loc":{"start":{"line":30,"column":153},"end":{"line":30,"column":198}},"type":"if","locations":[{"start":{"line":30,"column":153},"end":{"line":30,"column":198}},{"start":{"line":30,"column":153},"end":{"line":30,"column":198}}],"line":30},"24":{"loc":{"start":{"line":32,"column":48},"end":{"line":32,"column":175}},"type":"cond-expr","locations":[{"start":{"line":32,"column":72},"end":{"line":32,"column":93}},{"start":{"line":32,"column":96},"end":{"line":32,"column":175}}],"line":32},"25":{"loc":{"start":{"line":32,"column":133},"end":{"line":32,"column":172}},"type":"binary-expr","locations":[{"start":{"line":32,"column":133},"end":{"line":32,"column":144}},{"start":{"line":32,"column":148},"end":{"line":32,"column":172}}],"line":32}},"s":{"0":1,"1":1,"2":19,"3":0,"4":0,"5":1,"6":1,"7":1,"8":1,"9":1,"10":19,"11":0,"12":1,"13":1,"14":1,"15":1,"16":1,"17":1,"18":1,"19":1,"20":1,"21":1,"22":1,"23":0,"24":1,"25":1,"26":0,"27":1,"28":1,"29":1,"30":1,"31":0,"32":0,"33":1,"34":1,"35":1,"36":19,"37":19,"38":19,"39":19,"40":0,"41":19,"42":19,"43":19,"44":0,"45":0,"46":0,"47":0,"48":1,"49":0,"50":1,"51":0,"52":1,"53":1,"54":0,"55":0,"56":0,"57":0,"58":1,"59":0,"60":1,"61":1,"62":1,"63":1,"64":19,"65":19,"66":1,"67":19,"68":1,"69":1,"70":1},"f":{"0":1,"1":19,"2":0,"3":1,"4":19,"5":1,"6":1,"7":1,"8":1,"9":0,"10":1,"11":19,"12":19,"13":0,"14":1,"15":0,"16":1,"17":0,"18":1,"19":19,"20":19},"b":{"0":[1,0],"1":[1,1],"2":[0,0],"3":[0,0,0,0],"4":[1,0],"5":[1,1],"6":[0,19],"7":[1,1],"8":[1,0],"9":[1,0],"10":[0,1],"11":[0,1],"12":[1,0],"13":[1,1],"14":[1,0],"15":[1,0],"16":[19,0],"17":[19,0],"18":[19,19,0],"19":[0,0],"20":[0,1],"21":[1,1],"22":[0,1],"23":[1,0],"24":[1,0],"25":[0,0]},"inputSourceMap":{"version":3,"sources":["Block.ts"],"names":["Block","Component"],"mappings":";;;;;;;;;AAAA;;;;;;;;;;;;;;;;;;;;;;;;IAOMA,K;;;;;;;;;;;;;+BACiB;AACf;AACH;;;;EAHeC,sB;;eAMLD,K","sourceRoot":"/home/shipko/devel/messenger-yandex/components/","sourcesContent":["import Component from '../utils/Component'\n\ninterface BlockProps {\n    class: string,\n    content: Component<any>[] | string\n}\n\nclass Block extends Component<BlockProps> {\n    template(): string {\n        return `<div class={{class}}>{{content}}</div>`\n    }\n}\n\nexport default Block\n"]},"_coverageSchema":"1a1c01bbd47fc00a2c39e90264f33305004495a9","hash":"c64edc373f2ae85d05ecf1cc0b75aa684998ea74"},"/home/shipko/devel/messenger-yandex/utils/Component.ts":{"path":"/home/shipko/devel/messenger-yandex/utils/Component.ts","statementMap":{"0":{"start":{"line":3,"column":0},"end":{"line":5,"column":3}},"1":{"start":{"line":6,"column":0},"end":{"line":6,"column":28}},"2":{"start":{"line":8,"column":20},"end":{"line":8,"column":45}},"3":{"start":{"line":10,"column":17},"end":{"line":10,"column":73}},"4":{"start":{"line":12,"column":39},"end":{"line":12,"column":95}},"5":{"start":{"line":14,"column":50},"end":{"line":14,"column":151}},"6":{"start":{"line":14,"column":92},"end":{"line":14,"column":149}},"7":{"start":{"line":16,"column":44},"end":{"line":16,"column":315}},"8":{"start":{"line":16,"column":57},"end":{"line":16,"column":58}},"9":{"start":{"line":16,"column":102},"end":{"line":16,"column":110}},"10":{"start":{"line":16,"column":112},"end":{"line":16,"column":167}},"11":{"start":{"line":16,"column":168},"end":{"line":16,"column":199}},"12":{"start":{"line":16,"column":200},"end":{"line":16,"column":254}},"13":{"start":{"line":16,"column":227},"end":{"line":16,"column":254}},"14":{"start":{"line":16,"column":255},"end":{"line":16,"column":313}},"15":{"start":{"line":18,"column":62},"end":{"line":18,"column":131}},"16":{"start":{"line":18,"column":78},"end":{"line":18,"column":131}},"17":{"start":{"line":18,"column":132},"end":{"line":18,"column":193}},"18":{"start":{"line":18,"column":149},"end":{"line":18,"column":193}},"19":{"start":{"line":18,"column":194},"end":{"line":18,"column":213}},"20":{"start":{"line":20,"column":44},"end":{"line":20,"column":195}},"21":{"start":{"line":20,"column":62},"end":{"line":20,"column":166}},"22":{"start":{"line":20,"column":176},"end":{"line":20,"column":193}},"23":{"start":{"line":20,"column":196},"end":{"line":20,"column":207}},"24":{"start":{"line":29,"column":0},"end":{"line":34,"column":26}},"25":{"start":{"line":30,"column":2},"end":{"line":30,"column":25}},"26":{"start":{"line":31,"column":2},"end":{"line":31,"column":49}},"27":{"start":{"line":32,"column":2},"end":{"line":32,"column":39}},"28":{"start":{"line":33,"column":2},"end":{"line":33,"column":50}},"29":{"start":{"line":36,"column":29},"end":{"line":188,"column":3}},"30":{"start":{"line":38,"column":16},"end":{"line":38,"column":20}},"31":{"start":{"line":40,"column":4},"end":{"line":40,"column":37}},"32":{"start":{"line":42,"column":4},"end":{"line":42,"column":43}},"33":{"start":{"line":44,"column":4},"end":{"line":44,"column":50}},"34":{"start":{"line":46,"column":4},"end":{"line":46,"column":43}},"35":{"start":{"line":48,"column":4},"end":{"line":48,"column":48}},"36":{"start":{"line":50,"column":4},"end":{"line":56,"column":7}},"37":{"start":{"line":51,"column":6},"end":{"line":53,"column":7}},"38":{"start":{"line":52,"column":8},"end":{"line":52,"column":15}},"39":{"start":{"line":55,"column":6},"end":{"line":55,"column":70}},"40":{"start":{"line":58,"column":4},"end":{"line":58,"column":45}},"41":{"start":{"line":59,"column":4},"end":{"line":59,"column":65}},"42":{"start":{"line":60,"column":4},"end":{"line":60,"column":57}},"43":{"start":{"line":62,"column":4},"end":{"line":62,"column":44}},"44":{"start":{"line":64,"column":4},"end":{"line":64,"column":39}},"45":{"start":{"line":67,"column":2},"end":{"line":185,"column":6}},"46":{"start":{"line":70,"column":6},"end":{"line":70,"column":56}},"47":{"start":{"line":71,"column":6},"end":{"line":71,"column":74}},"48":{"start":{"line":72,"column":6},"end":{"line":72,"column":66}},"49":{"start":{"line":73,"column":6},"end":{"line":73,"column":75}},"50":{"start":{"line":78,"column":6},"end":{"line":78,"column":16}},"51":{"start":{"line":83,"column":6},"end":{"line":83,"column":59}},"52":{"start":{"line":88,"column":6},"end":{"line":88,"column":30}},"53":{"start":{"line":90,"column":6},"end":{"line":90,"column":45}},"54":{"start":{"line":95,"column":6},"end":{"line":95,"column":41}},"55":{"start":{"line":103,"column":22},"end":{"line":103,"column":65}},"56":{"start":{"line":105,"column":6},"end":{"line":107,"column":7}},"57":{"start":{"line":106,"column":8},"end":{"line":106,"column":55}},"58":{"start":{"line":113,"column":6},"end":{"line":113,"column":67}},"59":{"start":{"line":120,"column":24},"end":{"line":120,"column":59}},"60":{"start":{"line":122,"column":6},"end":{"line":138,"column":9}},"61":{"start":{"line":123,"column":8},"end":{"line":137,"column":9}},"62":{"start":{"line":124,"column":24},"end":{"line":124,"column":42}},"63":{"start":{"line":125,"column":27},"end":{"line":125,"column":45}},"64":{"start":{"line":126,"column":25},"end":{"line":126,"column":44}},"65":{"start":{"line":128,"column":10},"end":{"line":136,"column":11}},"66":{"start":{"line":129,"column":12},"end":{"line":129,"column":29}},"67":{"start":{"line":131,"column":12},"end":{"line":135,"column":13}},"68":{"start":{"line":132,"column":14},"end":{"line":132,"column":57}},"69":{"start":{"line":134,"column":14},"end":{"line":134,"column":46}},"70":{"start":{"line":139,"column":6},"end":{"line":139,"column":35}},"71":{"start":{"line":144,"column":6},"end":{"line":144,"column":28}},"72":{"start":{"line":149,"column":17},"end":{"line":149,"column":21}},"73":{"start":{"line":150,"column":6},"end":{"line":159,"column":9}},"74":{"start":{"line":152,"column":10},"end":{"line":152,"column":35}},"75":{"start":{"line":153,"column":10},"end":{"line":153,"column":52}},"76":{"start":{"line":154,"column":10},"end":{"line":154,"column":22}},"77":{"start":{"line":157,"column":10},"end":{"line":157,"column":41}},"78":{"start":{"line":164,"column":23},"end":{"line":164,"column":40}},"79":{"start":{"line":165,"column":6},"end":{"line":167,"column":9}},"80":{"start":{"line":166,"column":8},"end":{"line":166,"column":54}},"81":{"start":{"line":172,"column":23},"end":{"line":172,"column":40}},"82":{"start":{"line":173,"column":6},"end":{"line":175,"column":9}},"83":{"start":{"line":174,"column":8},"end":{"line":174,"column":37}},"84":{"start":{"line":180,"column":23},"end":{"line":180,"column":40}},"85":{"start":{"line":181,"column":6},"end":{"line":183,"column":9}},"86":{"start":{"line":182,"column":8},"end":{"line":182,"column":36}},"87":{"start":{"line":187,"column":2},"end":{"line":187,"column":19}},"88":{"start":{"line":190,"column":15},"end":{"line":190,"column":24}},"89":{"start":{"line":191,"column":0},"end":{"line":191,"column":30}}},"fnMap":{"0":{"name":"_interopRequireDefault","decl":{"start":{"line":12,"column":9},"end":{"line":12,"column":31}},"loc":{"start":{"line":12,"column":37},"end":{"line":12,"column":97}},"line":12},"1":{"name":"_classCallCheck","decl":{"start":{"line":14,"column":9},"end":{"line":14,"column":24}},"loc":{"start":{"line":14,"column":48},"end":{"line":14,"column":153}},"line":14},"2":{"name":"_defineProperties","decl":{"start":{"line":16,"column":9},"end":{"line":16,"column":26}},"loc":{"start":{"line":16,"column":42},"end":{"line":16,"column":317}},"line":16},"3":{"name":"_createClass","decl":{"start":{"line":18,"column":9},"end":{"line":18,"column":21}},"loc":{"start":{"line":18,"column":60},"end":{"line":18,"column":215}},"line":18},"4":{"name":"_defineProperty","decl":{"start":{"line":20,"column":9},"end":{"line":20,"column":24}},"loc":{"start":{"line":20,"column":42},"end":{"line":20,"column":209}},"line":20},"5":{"name":"(anonymous_5)","decl":{"start":{"line":29,"column":1},"end":{"line":29,"column":2}},"loc":{"start":{"line":29,"column":18},"end":{"line":34,"column":1}},"line":29},"6":{"name":"(anonymous_6)","decl":{"start":{"line":36,"column":29},"end":{"line":36,"column":30}},"loc":{"start":{"line":36,"column":41},"end":{"line":188,"column":1}},"line":36},"7":{"name":"Component","decl":{"start":{"line":37,"column":11},"end":{"line":37,"column":20}},"loc":{"start":{"line":37,"column":28},"end":{"line":65,"column":3}},"line":37},"8":{"name":"(anonymous_8)","decl":{"start":{"line":50,"column":38},"end":{"line":50,"column":39}},"loc":{"start":{"line":50,"column":59},"end":{"line":56,"column":5}},"line":50},"9":{"name":"_registerEvents","decl":{"start":{"line":69,"column":20},"end":{"line":69,"column":35}},"loc":{"start":{"line":69,"column":50},"end":{"line":74,"column":5}},"line":69},"10":{"name":"template","decl":{"start":{"line":77,"column":20},"end":{"line":77,"column":28}},"loc":{"start":{"line":77,"column":31},"end":{"line":79,"column":5}},"line":77},"11":{"name":"_createResources","decl":{"start":{"line":82,"column":20},"end":{"line":82,"column":36}},"loc":{"start":{"line":82,"column":39},"end":{"line":84,"column":5}},"line":82},"12":{"name":"init","decl":{"start":{"line":87,"column":20},"end":{"line":87,"column":24}},"loc":{"start":{"line":87,"column":27},"end":{"line":91,"column":5}},"line":87},"13":{"name":"_componentDidMount","decl":{"start":{"line":94,"column":20},"end":{"line":94,"column":38}},"loc":{"start":{"line":94,"column":41},"end":{"line":96,"column":5}},"line":94},"14":{"name":"componentDidMount","decl":{"start":{"line":99,"column":20},"end":{"line":99,"column":37}},"loc":{"start":{"line":99,"column":49},"end":{"line":99,"column":51}},"line":99},"15":{"name":"_componentDidUpdate","decl":{"start":{"line":102,"column":20},"end":{"line":102,"column":39}},"loc":{"start":{"line":102,"column":60},"end":{"line":108,"column":5}},"line":102},"16":{"name":"componentDidUpdate","decl":{"start":{"line":111,"column":20},"end":{"line":111,"column":38}},"loc":{"start":{"line":111,"column":59},"end":{"line":114,"column":5}},"line":111},"17":{"name":"_render","decl":{"start":{"line":117,"column":20},"end":{"line":117,"column":27}},"loc":{"start":{"line":117,"column":30},"end":{"line":140,"column":5}},"line":117},"18":{"name":"(anonymous_18)","decl":{"start":{"line":122,"column":115},"end":{"line":122,"column":116}},"loc":{"start":{"line":122,"column":141},"end":{"line":138,"column":7}},"line":122},"19":{"name":"getContent","decl":{"start":{"line":143,"column":20},"end":{"line":143,"column":30}},"loc":{"start":{"line":143,"column":33},"end":{"line":145,"column":5}},"line":143},"20":{"name":"_makePropsProxy","decl":{"start":{"line":148,"column":20},"end":{"line":148,"column":35}},"loc":{"start":{"line":148,"column":43},"end":{"line":160,"column":5}},"line":148},"21":{"name":"set","decl":{"start":{"line":151,"column":22},"end":{"line":151,"column":25}},"loc":{"start":{"line":151,"column":51},"end":{"line":155,"column":9}},"line":151},"22":{"name":"deleteProperty","decl":{"start":{"line":156,"column":33},"end":{"line":156,"column":47}},"loc":{"start":{"line":156,"column":50},"end":{"line":158,"column":9}},"line":156},"23":{"name":"addEventListener","decl":{"start":{"line":163,"column":20},"end":{"line":163,"column":36}},"loc":{"start":{"line":163,"column":61},"end":{"line":168,"column":5}},"line":163},"24":{"name":"(anonymous_24)","decl":{"start":{"line":165,"column":81},"end":{"line":165,"column":82}},"loc":{"start":{"line":165,"column":97},"end":{"line":167,"column":7}},"line":165},"25":{"name":"show","decl":{"start":{"line":171,"column":20},"end":{"line":171,"column":24}},"loc":{"start":{"line":171,"column":34},"end":{"line":176,"column":5}},"line":171},"26":{"name":"(anonymous_26)","decl":{"start":{"line":173,"column":81},"end":{"line":173,"column":82}},"loc":{"start":{"line":173,"column":97},"end":{"line":175,"column":7}},"line":173},"27":{"name":"hide","decl":{"start":{"line":179,"column":20},"end":{"line":179,"column":24}},"loc":{"start":{"line":179,"column":27},"end":{"line":184,"column":5}},"line":179},"28":{"name":"(anonymous_28)","decl":{"start":{"line":181,"column":81},"end":{"line":181,"column":82}},"loc":{"start":{"line":181,"column":97},"end":{"line":183,"column":7}},"line":181}},"branchMap":{"0":{"loc":{"start":{"line":12,"column":46},"end":{"line":12,"column":94}},"type":"cond-expr","locations":[{"start":{"line":12,"column":70},"end":{"line":12,"column":73}},{"start":{"line":12,"column":76},"end":{"line":12,"column":94}}],"line":12},"1":{"loc":{"start":{"line":12,"column":46},"end":{"line":12,"column":67}},"type":"binary-expr","locations":[{"start":{"line":12,"column":46},"end":{"line":12,"column":49}},{"start":{"line":12,"column":53},"end":{"line":12,"column":67}}],"line":12},"2":{"loc":{"start":{"line":14,"column":50},"end":{"line":14,"column":151}},"type":"if","locations":[{"start":{"line":14,"column":50},"end":{"line":14,"column":151}},{"start":{"line":14,"column":50},"end":{"line":14,"column":151}}],"line":14},"3":{"loc":{"start":{"line":16,"column":136},"end":{"line":16,"column":166}},"type":"binary-expr","locations":[{"start":{"line":16,"column":136},"end":{"line":16,"column":157}},{"start":{"line":16,"column":161},"end":{"line":16,"column":166}}],"line":16},"4":{"loc":{"start":{"line":16,"column":200},"end":{"line":16,"column":254}},"type":"if","locations":[{"start":{"line":16,"column":200},"end":{"line":16,"column":254}},{"start":{"line":16,"column":200},"end":{"line":16,"column":254}}],"line":16},"5":{"loc":{"start":{"line":18,"column":62},"end":{"line":18,"column":131}},"type":"if","locations":[{"start":{"line":18,"column":62},"end":{"line":18,"column":131}},{"start":{"line":18,"column":62},"end":{"line":18,"column":131}}],"line":18},"6":{"loc":{"start":{"line":18,"column":132},"end":{"line":18,"column":193}},"type":"if","locations":[{"start":{"line":18,"column":132},"end":{"line":18,"column":193}},{"start":{"line":18,"column":132},"end":{"line":18,"column":193}}],"line":18},"7":{"loc":{"start":{"line":20,"column":44},"end":{"line":20,"column":195}},"type":"if","locations":[{"start":{"line":20,"column":44},"end":{"line":20,"column":195}},{"start":{"line":20,"column":44},"end":{"line":20,"column":195}}],"line":20},"8":{"loc":{"start":{"line":34,"column":3},"end":{"line":34,"column":24}},"type":"binary-expr","locations":[{"start":{"line":34,"column":3},"end":{"line":34,"column":8}},{"start":{"line":34,"column":13},"end":{"line":34,"column":23}}],"line":34},"9":{"loc":{"start":{"line":51,"column":6},"end":{"line":53,"column":7}},"type":"if","locations":[{"start":{"line":51,"column":6},"end":{"line":53,"column":7}},{"start":{"line":51,"column":6},"end":{"line":53,"column":7}}],"line":51},"10":{"loc":{"start":{"line":105,"column":6},"end":{"line":107,"column":7}},"type":"if","locations":[{"start":{"line":105,"column":6},"end":{"line":107,"column":7}},{"start":{"line":105,"column":6},"end":{"line":107,"column":7}}],"line":105},"11":{"loc":{"start":{"line":122,"column":6},"end":{"line":138,"column":8}},"type":"cond-expr","locations":[{"start":{"line":122,"column":82},"end":{"line":122,"column":88}},{"start":{"line":122,"column":91},"end":{"line":138,"column":8}}],"line":122},"12":{"loc":{"start":{"line":122,"column":6},"end":{"line":122,"column":79}},"type":"binary-expr","locations":[{"start":{"line":122,"column":6},"end":{"line":122,"column":49}},{"start":{"line":122,"column":53},"end":{"line":122,"column":79}}],"line":122},"13":{"loc":{"start":{"line":123,"column":8},"end":{"line":137,"column":9}},"type":"if","locations":[{"start":{"line":123,"column":8},"end":{"line":137,"column":9}},{"start":{"line":123,"column":8},"end":{"line":137,"column":9}}],"line":123},"14":{"loc":{"start":{"line":128,"column":10},"end":{"line":136,"column":11}},"type":"if","locations":[{"start":{"line":128,"column":10},"end":{"line":136,"column":11}},{"start":{"line":128,"column":10},"end":{"line":136,"column":11}}],"line":128},"15":{"loc":{"start":{"line":131,"column":12},"end":{"line":135,"column":13}},"type":"if","locations":[{"start":{"line":131,"column":12},"end":{"line":135,"column":13}},{"start":{"line":131,"column":12},"end":{"line":135,"column":13}}],"line":131},"16":{"loc":{"start":{"line":165,"column":6},"end":{"line":167,"column":8}},"type":"cond-expr","locations":[{"start":{"line":165,"column":53},"end":{"line":165,"column":59}},{"start":{"line":165,"column":62},"end":{"line":167,"column":8}}],"line":165},"17":{"loc":{"start":{"line":165,"column":6},"end":{"line":165,"column":50}},"type":"binary-expr","locations":[{"start":{"line":165,"column":6},"end":{"line":165,"column":25}},{"start":{"line":165,"column":29},"end":{"line":165,"column":50}}],"line":165},"18":{"loc":{"start":{"line":173,"column":6},"end":{"line":175,"column":8}},"type":"cond-expr","locations":[{"start":{"line":173,"column":53},"end":{"line":173,"column":59}},{"start":{"line":173,"column":62},"end":{"line":175,"column":8}}],"line":173},"19":{"loc":{"start":{"line":173,"column":6},"end":{"line":173,"column":50}},"type":"binary-expr","locations":[{"start":{"line":173,"column":6},"end":{"line":173,"column":25}},{"start":{"line":173,"column":29},"end":{"line":173,"column":50}}],"line":173},"20":{"loc":{"start":{"line":181,"column":6},"end":{"line":183,"column":8}},"type":"cond-expr","locations":[{"start":{"line":181,"column":53},"end":{"line":181,"column":59}},{"start":{"line":181,"column":62},"end":{"line":183,"column":8}}],"line":181},"21":{"loc":{"start":{"line":181,"column":6},"end":{"line":181,"column":50}},"type":"binary-expr","locations":[{"start":{"line":181,"column":6},"end":{"line":181,"column":25}},{"start":{"line":181,"column":29},"end":{"line":181,"column":50}}],"line":181}},"s":{"0":1,"1":1,"2":1,"3":1,"4":1,"5":19,"6":0,"7":1,"8":1,"9":14,"10":14,"11":14,"12":14,"13":14,"14":14,"15":1,"16":1,"17":1,"18":0,"19":1,"20":95,"21":0,"22":95,"23":95,"24":1,"25":1,"26":1,"27":1,"28":1,"29":1,"30":19,"31":19,"32":19,"33":19,"34":19,"35":19,"36":19,"37":0,"38":0,"39":0,"40":19,"41":19,"42":19,"43":19,"44":19,"45":1,"46":19,"47":19,"48":19,"49":19,"50":0,"51":19,"52":19,"53":19,"54":19,"55":0,"56":0,"57":0,"58":0,"59":0,"60":0,"61":0,"62":0,"63":0,"64":0,"65":0,"66":0,"67":0,"68":0,"69":0,"70":0,"71":14,"72":19,"73":19,"74":0,"75":0,"76":0,"77":0,"78":0,"79":0,"80":0,"81":0,"82":0,"83":0,"84":0,"85":0,"86":0,"87":1,"88":1,"89":1},"f":{"0":1,"1":19,"2":1,"3":1,"4":95,"5":1,"6":1,"7":19,"8":0,"9":19,"10":0,"11":19,"12":19,"13":19,"14":19,"15":0,"16":0,"17":0,"18":0,"19":14,"20":19,"21":0,"22":0,"23":0,"24":0,"25":0,"26":0,"27":0,"28":0},"b":{"0":[1,0],"1":[1,1],"2":[0,19],"3":[14,14],"4":[14,0],"5":[1,0],"6":[0,1],"7":[0,95],"8":[1,1],"9":[0,0],"10":[0,0],"11":[0,0],"12":[0,0],"13":[0,0],"14":[0,0],"15":[0,0],"16":[0,0],"17":[0,0],"18":[0,0],"19":[0,0],"20":[0,0],"21":[0,0]},"inputSourceMap":{"version":3,"sources":["Component.ts"],"names":["Event","Component","props","nextProps","eventManager","emit","FLOW_CDU","_makePropsProxy","_templator","Templator","template","EventManager","_registerEvents","INIT","on","init","bind","FLOW_CDM","_componentDidMount","FLOW_RENDER","_render","_componentDidUpdate","_elements","compile","_createResources","componentDidMount","_oldProps","oldProps","newProps","isEnabled","componentDidUpdate","Object","assign","JSON","stringify","newElements","forEach","oldNode","index","newNode","parentNode","nextNode","nextSibling","remove","insertBefore","appendChild","self","Proxy","set","target","prorerty","value","deleteProperty","Error","listenerName","callback","contentArr","getContent","node","addEventListener","display","style"],"mappings":";;;;;;;AAAA;;AAEA;;;;;;;;;;;;AAEA;IAEKA,K;AAOL;AACA;AACA;AACA;;WAVKA,K;AAAAA,EAAAA,K;AAAAA,EAAAA,K;AAAAA,EAAAA,K;AAAAA,EAAAA,K;GAAAA,K,KAAAA,K;;IAYCC,S;AAMF,qBAAYC,KAAZ,EAAsB;AAAA;;AAAA;;AAAA;;AAAA;;AAAA,uCAHK,EAGL;;AAAA;;AAAA,sCA8CX,UAACC,SAAD,EAA2B;AAClC,UAAI,CAACA,SAAL,EAAgB;AACZ;AACH;;AACD,MAAA,KAAI,CAACC,YAAL,CAAkBC,IAAlB,CAAuBL,KAAK,CAACM,QAA7B,EAAuC,KAAI,CAACJ,KAA5C,EAAmDC,SAAnD;AACH,KAnDqB;;AAClB,SAAKD,KAAL,GAAa,KAAKK,eAAL,CAAqBL,KAArB,CAAb;AACA,SAAKM,UAAL,GAAkB,IAAIC,qBAAJ,CAAc,KAAKC,QAAL,EAAd,CAAlB;AACA,SAAKN,YAAL,GAAoB,IAAIO,0BAAJ,EAApB;;AACA,SAAKC,eAAL,CAAqB,KAAKR,YAA1B;;AACA,SAAKA,YAAL,CAAkBC,IAAlB,CAAuBL,KAAK,CAACa,IAA7B;AACH;;;;oCAEeT,Y,EAA4B;AACxCA,MAAAA,YAAY,CAACU,EAAb,CAAgBd,KAAK,CAACa,IAAtB,EAA4B,KAAKE,IAAL,CAAUC,IAAV,CAAe,IAAf,CAA5B;AACAZ,MAAAA,YAAY,CAACU,EAAb,CAAgBd,KAAK,CAACiB,QAAtB,EAAgC,KAAKC,kBAAL,CAAwBF,IAAxB,CAA6B,IAA7B,CAAhC;AACAZ,MAAAA,YAAY,CAACU,EAAb,CAAgBd,KAAK,CAACmB,WAAtB,EAAmC,KAAKC,OAAL,CAAaJ,IAAb,CAAkB,IAAlB,CAAnC;AACAZ,MAAAA,YAAY,CAACU,EAAb,CAAgBd,KAAK,CAACM,QAAtB,EAAgC,KAAKe,mBAAL,CAAyBL,IAAzB,CAA8B,IAA9B,CAAhC;AACH;;;+BAEkB;AACf,aAAO,EAAP;AACH;;;uCAEkB;AACf,WAAKM,SAAL,GAAiB,KAAKd,UAAL,CAAgBe,OAAhB,CAAwB,KAAKrB,KAA7B,CAAjB;AACH;;;2BAEM;AACH,WAAKsB,gBAAL;;AACA,WAAKpB,YAAL,CAAkBC,IAAlB,CAAuBL,KAAK,CAACiB,QAA7B;AACH;;;yCAEoB;AACjB,WAAKQ,iBAAL,CAAuB,KAAKvB,KAA5B;AACH;;;sCAEiBwB,S,EAAc,CAAE;;;wCAEdC,Q,EAAaC,Q,EAAa;AAC1C,UAAMC,SAAS,GAAG,KAAKC,kBAAL,CAAwBH,QAAxB,EAAkCC,QAAlC,CAAlB;;AACA,UAAIC,SAAJ,EAAe;AACX,aAAK3B,KAAL,GAAa6B,MAAM,CAACC,MAAP,CAAcL,QAAd,EAAwBC,QAAxB,CAAb;AACH;AACJ;;;uCAEkBD,Q,EAAaC,Q,EAAa;AACzC;AACA,aAAOK,IAAI,CAACC,SAAL,CAAeP,QAAf,MAA6BM,IAAI,CAACC,SAAL,CAAeN,QAAf,CAApC;AACH;;;8BASS;AAAA;;AACN,UAAMO,WAAW,GAAG,KAAK3B,UAAL,CAAgBe,OAAhB,CAAwB,KAAKrB,KAA7B,CAApB;;AACA,8BAAKoB,SAAL,oEAAgBc,OAAhB,CAAwB,UAACC,OAAD,EAAUC,KAAV,EAAoB;AACxC,YAAID,OAAJ,EAAa;AACT,cAAME,OAAO,GAAGJ,WAAW,CAACG,KAAD,CAA3B;AACA,cAAME,UAAU,GAAGH,OAAO,CAACG,UAA3B;AACA,cAAMC,QAAQ,GAAGJ,OAAO,CAACK,WAAzB;;AACA,cAAIF,UAAJ,EAAgB;AACZH,YAAAA,OAAO,CAACM,MAAR,GADY,CAEZ;;AACA,gBAAIF,QAAJ,EAAc;AACVD,cAAAA,UAAU,CAACI,YAAX,CAAwBL,OAAxB,EAAiCE,QAAjC;AACH,aAFD,MAEO;AACHD,cAAAA,UAAU,CAACK,WAAX,CAAuBN,OAAvB;AACH;AACJ;AACJ;AACJ,OAfD;AAgBA,WAAKjB,SAAL,GAAiBa,WAAjB;AACH;;;iCAEqC;AAClC,aAAO,KAAKb,SAAZ;AACH;;;oCAEepB,K,EAAY;AACxB,UAAM4C,IAAI,GAAG,IAAb;AACA,aAAO,IAAIC,KAAJ,CAAU7C,KAAV,EAAiB;AACpB8C,QAAAA,GADoB,eAChBC,MADgB,EACHC,QADG,EACoBC,KADpB,EACyC;AACzDF,UAAAA,MAAM,CAACC,QAAD,CAAN,GAAmBC,KAAnB;AACAL,UAAAA,IAAI,CAAC1C,YAAL,CAAkBC,IAAlB,CAAuBL,KAAK,CAACmB,WAA7B;AACA,iBAAO,IAAP;AACH,SALmB;AAMpBiC,QAAAA,cANoB,4BAMM;AACtB,gBAAM,IAAIC,KAAJ,CAAU,aAAV,CAAN;AACH;AARmB,OAAjB,CAAP;AAUH;;;qCAEgBC,Y,EAAsBC,Q,EAAoD;AACvF,UAAMC,UAAU,GAAG,KAAKC,UAAL,EAAnB;AACAD,MAAAA,UAAU,SAAV,IAAAA,UAAU,WAAV,YAAAA,UAAU,CAAEpB,OAAZ,CAAoB,UAACsB,IAAD,EAAU;AAC1BA,QAAAA,IAAI,CAACC,gBAAL,CAAsBL,YAAtB,EAAoCC,QAApC;AACH,OAFD;AAGH;;;yBAEIK,O,EAAiC;AAClC,UAAMJ,UAAU,GAAG,KAAKC,UAAL,EAAnB;AACAD,MAAAA,UAAU,SAAV,IAAAA,UAAU,WAAV,YAAAA,UAAU,CAAEpB,OAAZ,CAAoB,UAACsB,IAAD,EAAU;AAC1BA,QAAAA,IAAI,CAACG,KAAL,CAAWD,OAAX,GAAqBA,OAArB;AACH,OAFD;AAGH;;;2BAEY;AACT,UAAMJ,UAAU,GAAG,KAAKC,UAAL,EAAnB;AACAD,MAAAA,UAAU,SAAV,IAAAA,UAAU,WAAV,YAAAA,UAAU,CAAEpB,OAAZ,CAAoB,UAACsB,IAAD,EAAU;AAC1BA,QAAAA,IAAI,CAACG,KAAL,CAAWD,OAAX,GAAqB,MAArB;AACH,OAFD;AAGH;;;;;;eAGU3D,S","sourceRoot":"/home/shipko/devel/messenger-yandex/utils/","sourcesContent":["import { EventManager } from './EventManager'\nimport { Nullable } from '../types/Types'\nimport Templator from './templator/Templator'\n\n/* global HTMLElement, EventListenerOrEventListenerObject */\n\nenum Event {\n    INIT = 'init',\n    FLOW_CDM = 'flow:component-did-mount',\n    FLOW_RENDER = 'flow:render',\n    FLOW_CDU = 'flow:component-did-update'\n}\n\n/*\n В отличие от реализации блока в тренажере, решил не использовать _meta.\n Теперь getContent() возвращает не один элемент, а массив элементов.\n*/\n\nclass Component<T> {\n    props: T\n    eventManager: EventManager\n    _elements: HTMLElement[] = []\n    _templator: Templator\n\n    constructor(props: T) {\n        this.props = this._makePropsProxy(props)\n        this._templator = new Templator(this.template())\n        this.eventManager = new EventManager()\n        this._registerEvents(this.eventManager)\n        this.eventManager.emit(Event.INIT)\n    }\n\n    _registerEvents(eventManager: EventManager) {\n        eventManager.on(Event.INIT, this.init.bind(this))\n        eventManager.on(Event.FLOW_CDM, this._componentDidMount.bind(this))\n        eventManager.on(Event.FLOW_RENDER, this._render.bind(this))\n        eventManager.on(Event.FLOW_CDU, this._componentDidUpdate.bind(this))\n    }\n\n    template(): string {\n        return ''\n    }\n\n    _createResources() {\n        this._elements = this._templator.compile(this.props)\n    }\n\n    init() {\n        this._createResources()\n        this.eventManager.emit(Event.FLOW_CDM)\n    }\n\n    _componentDidMount() {\n        this.componentDidMount(this.props)\n    }\n\n    componentDidMount(_oldProps: T) {}\n\n    _componentDidUpdate(oldProps: T, newProps: T) {\n        const isEnabled = this.componentDidUpdate(oldProps, newProps)\n        if (isEnabled) {\n            this.props = Object.assign(oldProps, newProps)\n        }\n    }\n\n    componentDidUpdate(oldProps: T, newProps: T) {\n        // TODO: заменить на isEqual из тренажера практикума\n        return JSON.stringify(oldProps) !== JSON.stringify(newProps)\n    }\n\n    setProps = (nextProps: Partial<T>) => {\n        if (!nextProps) {\n            return\n        }\n        this.eventManager.emit(Event.FLOW_CDU, this.props, nextProps)\n    };\n\n    _render() {\n        const newElements = this._templator.compile(this.props)\n        this._elements?.forEach((oldNode, index) => {\n            if (oldNode) {\n                const newNode = newElements[index]\n                const parentNode = oldNode.parentNode\n                const nextNode = oldNode.nextSibling\n                if (parentNode) {\n                    oldNode.remove()\n                    // если есть следующая нода того же уровня, то инсертим не в конец родителя, а к этой ноде\n                    if (nextNode) {\n                        parentNode.insertBefore(newNode, nextNode)\n                    } else {\n                        parentNode.appendChild(newNode)\n                    }\n                }\n            }\n        })\n        this._elements = newElements\n    }\n\n    getContent(): Nullable<HTMLElement[]> {\n        return this._elements\n    }\n\n    _makePropsProxy(props: any) {\n        const self = this\n        return new Proxy(props, {\n            set(target: any, prorerty: PropertyKey, value: any): boolean {\n                target[prorerty] = value\n                self.eventManager.emit(Event.FLOW_RENDER)\n                return true\n            },\n            deleteProperty(): boolean {\n                throw new Error('Нет доступа')\n            }\n        })\n    }\n\n    addEventListener(listenerName: string, callback: EventListenerOrEventListenerObject): void {\n        const contentArr = this.getContent()\n        contentArr?.forEach((node) => {\n            node.addEventListener(listenerName, callback)\n        })\n    }\n\n    show(display: 'flex' | 'block'): void {\n        const contentArr = this.getContent()\n        contentArr?.forEach((node) => {\n            node.style.display = display\n        })\n    }\n\n    hide(): void {\n        const contentArr = this.getContent()\n        contentArr?.forEach((node) => {\n            node.style.display = 'none'\n        })\n    }\n}\n\nexport default Component\n"]},"_coverageSchema":"1a1c01bbd47fc00a2c39e90264f33305004495a9","hash":"c2c1f3ba32c46401ff3d5916de7312afaed8cccf"},"/home/shipko/devel/messenger-yandex/utils/EventManager.ts":{"path":"/home/shipko/devel/messenger-yandex/utils/EventManager.ts","statementMap":{"0":{"start":{"line":3,"column":0},"end":{"line":5,"column":3}},"1":{"start":{"line":6,"column":0},"end":{"line":6,"column":30}},"2":{"start":{"line":8,"column":50},"end":{"line":8,"column":151}},"3":{"start":{"line":8,"column":92},"end":{"line":8,"column":149}},"4":{"start":{"line":10,"column":44},"end":{"line":10,"column":315}},"5":{"start":{"line":10,"column":57},"end":{"line":10,"column":58}},"6":{"start":{"line":10,"column":102},"end":{"line":10,"column":110}},"7":{"start":{"line":10,"column":112},"end":{"line":10,"column":167}},"8":{"start":{"line":10,"column":168},"end":{"line":10,"column":199}},"9":{"start":{"line":10,"column":200},"end":{"line":10,"column":254}},"10":{"start":{"line":10,"column":227},"end":{"line":10,"column":254}},"11":{"start":{"line":10,"column":255},"end":{"line":10,"column":313}},"12":{"start":{"line":12,"column":62},"end":{"line":12,"column":131}},"13":{"start":{"line":12,"column":78},"end":{"line":12,"column":131}},"14":{"start":{"line":12,"column":132},"end":{"line":12,"column":193}},"15":{"start":{"line":12,"column":149},"end":{"line":12,"column":193}},"16":{"start":{"line":12,"column":194},"end":{"line":12,"column":213}},"17":{"start":{"line":14,"column":44},"end":{"line":14,"column":195}},"18":{"start":{"line":14,"column":62},"end":{"line":14,"column":166}},"19":{"start":{"line":14,"column":176},"end":{"line":14,"column":193}},"20":{"start":{"line":14,"column":196},"end":{"line":14,"column":207}},"21":{"start":{"line":16,"column":32},"end":{"line":63,"column":3}},"22":{"start":{"line":18,"column":4},"end":{"line":18,"column":40}},"23":{"start":{"line":20,"column":4},"end":{"line":20,"column":47}},"24":{"start":{"line":22,"column":4},"end":{"line":22,"column":24}},"25":{"start":{"line":25,"column":2},"end":{"line":60,"column":6}},"26":{"start":{"line":28,"column":6},"end":{"line":30,"column":7}},"27":{"start":{"line":29,"column":8},"end":{"line":29,"column":35}},"28":{"start":{"line":32,"column":6},"end":{"line":32,"column":43}},"29":{"start":{"line":37,"column":6},"end":{"line":39,"column":7}},"30":{"start":{"line":38,"column":8},"end":{"line":38,"column":105}},"31":{"start":{"line":41,"column":6},"end":{"line":43,"column":9}},"32":{"start":{"line":42,"column":8},"end":{"line":42,"column":37}},"33":{"start":{"line":48,"column":6},"end":{"line":50,"column":7}},"34":{"start":{"line":48,"column":22},"end":{"line":48,"column":38}},"35":{"start":{"line":48,"column":47},"end":{"line":48,"column":81}},"36":{"start":{"line":48,"column":90},"end":{"line":48,"column":91}},"37":{"start":{"line":49,"column":8},"end":{"line":49,"column":41}},"38":{"start":{"line":52,"column":6},"end":{"line":54,"column":7}},"39":{"start":{"line":53,"column":8},"end":{"line":53,"column":105}},"40":{"start":{"line":56,"column":6},"end":{"line":58,"column":9}},"41":{"start":{"line":57,"column":8},"end":{"line":57,"column":37}},"42":{"start":{"line":62,"column":2},"end":{"line":62,"column":22}},"43":{"start":{"line":65,"column":0},"end":{"line":65,"column":36}}},"fnMap":{"0":{"name":"_classCallCheck","decl":{"start":{"line":8,"column":9},"end":{"line":8,"column":24}},"loc":{"start":{"line":8,"column":48},"end":{"line":8,"column":153}},"line":8},"1":{"name":"_defineProperties","decl":{"start":{"line":10,"column":9},"end":{"line":10,"column":26}},"loc":{"start":{"line":10,"column":42},"end":{"line":10,"column":317}},"line":10},"2":{"name":"_createClass","decl":{"start":{"line":12,"column":9},"end":{"line":12,"column":21}},"loc":{"start":{"line":12,"column":60},"end":{"line":12,"column":215}},"line":12},"3":{"name":"_defineProperty","decl":{"start":{"line":14,"column":9},"end":{"line":14,"column":24}},"loc":{"start":{"line":14,"column":42},"end":{"line":14,"column":209}},"line":14},"4":{"name":"(anonymous_4)","decl":{"start":{"line":16,"column":32},"end":{"line":16,"column":33}},"loc":{"start":{"line":16,"column":44},"end":{"line":63,"column":1}},"line":16},"5":{"name":"EventManager","decl":{"start":{"line":17,"column":11},"end":{"line":17,"column":23}},"loc":{"start":{"line":17,"column":26},"end":{"line":23,"column":3}},"line":17},"6":{"name":"on","decl":{"start":{"line":27,"column":20},"end":{"line":27,"column":22}},"loc":{"start":{"line":27,"column":40},"end":{"line":33,"column":5}},"line":27},"7":{"name":"off","decl":{"start":{"line":36,"column":20},"end":{"line":36,"column":23}},"loc":{"start":{"line":36,"column":41},"end":{"line":44,"column":5}},"line":36},"8":{"name":"(anonymous_8)","decl":{"start":{"line":41,"column":59},"end":{"line":41,"column":60}},"loc":{"start":{"line":41,"column":79},"end":{"line":43,"column":7}},"line":41},"9":{"name":"emit","decl":{"start":{"line":47,"column":20},"end":{"line":47,"column":24}},"loc":{"start":{"line":47,"column":32},"end":{"line":59,"column":5}},"line":47},"10":{"name":"(anonymous_10)","decl":{"start":{"line":56,"column":36},"end":{"line":56,"column":37}},"loc":{"start":{"line":56,"column":56},"end":{"line":58,"column":7}},"line":56}},"branchMap":{"0":{"loc":{"start":{"line":8,"column":50},"end":{"line":8,"column":151}},"type":"if","locations":[{"start":{"line":8,"column":50},"end":{"line":8,"column":151}},{"start":{"line":8,"column":50},"end":{"line":8,"column":151}}],"line":8},"1":{"loc":{"start":{"line":10,"column":136},"end":{"line":10,"column":166}},"type":"binary-expr","locations":[{"start":{"line":10,"column":136},"end":{"line":10,"column":157}},{"start":{"line":10,"column":161},"end":{"line":10,"column":166}}],"line":10},"2":{"loc":{"start":{"line":10,"column":200},"end":{"line":10,"column":254}},"type":"if","locations":[{"start":{"line":10,"column":200},"end":{"line":10,"column":254}},{"start":{"line":10,"column":200},"end":{"line":10,"column":254}}],"line":10},"3":{"loc":{"start":{"line":12,"column":62},"end":{"line":12,"column":131}},"type":"if","locations":[{"start":{"line":12,"column":62},"end":{"line":12,"column":131}},{"start":{"line":12,"column":62},"end":{"line":12,"column":131}}],"line":12},"4":{"loc":{"start":{"line":12,"column":132},"end":{"line":12,"column":193}},"type":"if","locations":[{"start":{"line":12,"column":132},"end":{"line":12,"column":193}},{"start":{"line":12,"column":132},"end":{"line":12,"column":193}}],"line":12},"5":{"loc":{"start":{"line":14,"column":44},"end":{"line":14,"column":195}},"type":"if","locations":[{"start":{"line":14,"column":44},"end":{"line":14,"column":195}},{"start":{"line":14,"column":44},"end":{"line":14,"column":195}}],"line":14},"6":{"loc":{"start":{"line":28,"column":6},"end":{"line":30,"column":7}},"type":"if","locations":[{"start":{"line":28,"column":6},"end":{"line":30,"column":7}},{"start":{"line":28,"column":6},"end":{"line":30,"column":7}}],"line":28},"7":{"loc":{"start":{"line":37,"column":6},"end":{"line":39,"column":7}},"type":"if","locations":[{"start":{"line":37,"column":6},"end":{"line":39,"column":7}},{"start":{"line":37,"column":6},"end":{"line":39,"column":7}}],"line":37},"8":{"loc":{"start":{"line":48,"column":57},"end":{"line":48,"column":80}},"type":"cond-expr","locations":[{"start":{"line":48,"column":68},"end":{"line":48,"column":76}},{"start":{"line":48,"column":79},"end":{"line":48,"column":80}}],"line":48},"9":{"loc":{"start":{"line":52,"column":6},"end":{"line":54,"column":7}},"type":"if","locations":[{"start":{"line":52,"column":6},"end":{"line":54,"column":7}},{"start":{"line":52,"column":6},"end":{"line":54,"column":7}}],"line":52}},"s":{"0":1,"1":1,"2":19,"3":0,"4":1,"5":1,"6":3,"7":3,"8":3,"9":3,"10":3,"11":3,"12":1,"13":1,"14":1,"15":0,"16":1,"17":19,"18":0,"19":19,"20":19,"21":1,"22":19,"23":19,"24":19,"25":1,"26":76,"27":76,"28":76,"29":0,"30":0,"31":0,"32":0,"33":38,"34":38,"35":38,"36":38,"37":0,"38":38,"39":0,"40":38,"41":38,"42":1,"43":1},"f":{"0":19,"1":1,"2":1,"3":19,"4":1,"5":19,"6":76,"7":0,"8":0,"9":38,"10":38},"b":{"0":[0,19],"1":[3,3],"2":[3,0],"3":[1,0],"4":[0,1],"5":[0,19],"6":[76,0],"7":[0,0],"8":[0,38],"9":[0,38]},"inputSourceMap":{"version":3,"sources":["EventManager.ts"],"names":["EventManager","listeners","event","callback","push","Error","filter","listener","args","forEach"],"mappings":";;;;;;;;;;;;;;;IAAaA,Y;AAGT,0BAAc;AAAA;;AAAA;;AACV,SAAKC,SAAL,GAAiB,EAAjB;AACH;;;;uBAEEC,K,EAAeC,Q,EAAoB;AAClC,UAAI,CAAC,KAAKF,SAAL,CAAeC,KAAf,CAAL,EAA4B;AACxB,aAAKD,SAAL,CAAeC,KAAf,IAAwB,EAAxB;AACH;;AAED,WAAKD,SAAL,CAAeC,KAAf,EAAsBE,IAAtB,CAA2BD,QAA3B;AACH;;;wBAEGD,K,EAAeC,Q,EAAoB;AACnC,UAAI,CAAC,KAAKF,SAAL,CAAeC,KAAf,CAAL,EAA4B;AACxB,cAAM,IAAIG,KAAJ,0EAA0BH,KAA1B,EAAN;AACH;;AACD,WAAKD,SAAL,CAAeC,KAAf,IAAwB,KAAKD,SAAL,CAAeC,KAAf,EAAsBI,MAAtB,CACpB,UAAAC,QAAQ;AAAA,eAAIA,QAAQ,KAAKJ,QAAjB;AAAA,OADY,CAAxB;AAGH;;;yBAEID,K,EAA+B;AAAA,wCAAbM,IAAa;AAAbA,QAAAA,IAAa;AAAA;;AAChC,UAAI,CAAC,KAAKP,SAAL,CAAeC,KAAf,CAAL,EAA4B;AACxB,cAAM,IAAIG,KAAJ,0EAA0BH,KAA1B,EAAN;AACH;;AACD,WAAKD,SAAL,CAAeC,KAAf,EAAsBO,OAAtB,CAA8B,UAASF,QAAT,EAAmB;AAC7CA,QAAAA,QAAQ,MAAR,SAAYC,IAAZ;AACH,OAFD;AAGH","sourceRoot":"/home/shipko/devel/messenger-yandex/utils/","sourcesContent":["export class EventManager {\n    listeners: Record<string, Function[]>\n\n    constructor() {\n        this.listeners = {}\n    }\n\n    on(event: string, callback: Function) {\n        if (!this.listeners[event]) {\n            this.listeners[event] = []\n        }\n\n        this.listeners[event].push(callback)\n    }\n\n    off(event: string, callback: Function) {\n        if (!this.listeners[event]) {\n            throw new Error(`Нет события: ${event}`)\n        }\n        this.listeners[event] = this.listeners[event].filter(\n            listener => listener !== callback\n        )\n    }\n\n    emit(event: string, ...args: any[]) {\n        if (!this.listeners[event]) {\n            throw new Error(`Нет события: ${event}`)\n        }\n        this.listeners[event].forEach(function(listener) {\n            listener(...args)\n        })\n    }\n}\n"]},"_coverageSchema":"1a1c01bbd47fc00a2c39e90264f33305004495a9","hash":"6b3a2fbddc92f7d8628555cb0ce083c93c7e4a2e"},"/home/shipko/devel/messenger-yandex/utils/templator/Templator.ts":{"path":"/home/shipko/devel/messenger-yandex/utils/templator/Templator.ts","statementMap":{"0":{"start":{"line":3,"column":0},"end":{"line":5,"column":3}},"1":{"start":{"line":6,"column":0},"end":{"line":6,"column":28}},"2":{"start":{"line":8,"column":22},"end":{"line":8,"column":73}},"3":{"start":{"line":10,"column":39},"end":{"line":10,"column":95}},"4":{"start":{"line":12,"column":50},"end":{"line":12,"column":151}},"5":{"start":{"line":12,"column":92},"end":{"line":12,"column":149}},"6":{"start":{"line":14,"column":44},"end":{"line":14,"column":315}},"7":{"start":{"line":14,"column":57},"end":{"line":14,"column":58}},"8":{"start":{"line":14,"column":102},"end":{"line":14,"column":110}},"9":{"start":{"line":14,"column":112},"end":{"line":14,"column":167}},"10":{"start":{"line":14,"column":168},"end":{"line":14,"column":199}},"11":{"start":{"line":14,"column":200},"end":{"line":14,"column":254}},"12":{"start":{"line":14,"column":227},"end":{"line":14,"column":254}},"13":{"start":{"line":14,"column":255},"end":{"line":14,"column":313}},"14":{"start":{"line":16,"column":62},"end":{"line":16,"column":131}},"15":{"start":{"line":16,"column":78},"end":{"line":16,"column":131}},"16":{"start":{"line":16,"column":132},"end":{"line":16,"column":193}},"17":{"start":{"line":16,"column":149},"end":{"line":16,"column":193}},"18":{"start":{"line":16,"column":194},"end":{"line":16,"column":213}},"19":{"start":{"line":18,"column":44},"end":{"line":18,"column":195}},"20":{"start":{"line":18,"column":62},"end":{"line":18,"column":166}},"21":{"start":{"line":18,"column":176},"end":{"line":18,"column":193}},"22":{"start":{"line":18,"column":196},"end":{"line":18,"column":207}},"23":{"start":{"line":21,"column":29},"end":{"line":41,"column":3}},"24":{"start":{"line":23,"column":4},"end":{"line":23,"column":37}},"25":{"start":{"line":25,"column":4},"end":{"line":25,"column":47}},"26":{"start":{"line":27,"column":4},"end":{"line":27,"column":30}},"27":{"start":{"line":30,"column":2},"end":{"line":38,"column":6}},"28":{"start":{"line":33,"column":22},"end":{"line":33,"column":87}},"29":{"start":{"line":34,"column":6},"end":{"line":36,"column":9}},"30":{"start":{"line":35,"column":8},"end":{"line":35,"column":47}},"31":{"start":{"line":40,"column":2},"end":{"line":40,"column":19}},"32":{"start":{"line":43,"column":15},"end":{"line":43,"column":24}},"33":{"start":{"line":44,"column":0},"end":{"line":44,"column":30}}},"fnMap":{"0":{"name":"_interopRequireDefault","decl":{"start":{"line":10,"column":9},"end":{"line":10,"column":31}},"loc":{"start":{"line":10,"column":37},"end":{"line":10,"column":97}},"line":10},"1":{"name":"_classCallCheck","decl":{"start":{"line":12,"column":9},"end":{"line":12,"column":24}},"loc":{"start":{"line":12,"column":48},"end":{"line":12,"column":153}},"line":12},"2":{"name":"_defineProperties","decl":{"start":{"line":14,"column":9},"end":{"line":14,"column":26}},"loc":{"start":{"line":14,"column":42},"end":{"line":14,"column":317}},"line":14},"3":{"name":"_createClass","decl":{"start":{"line":16,"column":9},"end":{"line":16,"column":21}},"loc":{"start":{"line":16,"column":60},"end":{"line":16,"column":215}},"line":16},"4":{"name":"_defineProperty","decl":{"start":{"line":18,"column":9},"end":{"line":18,"column":24}},"loc":{"start":{"line":18,"column":42},"end":{"line":18,"column":209}},"line":18},"5":{"name":"(anonymous_5)","decl":{"start":{"line":21,"column":29},"end":{"line":21,"column":30}},"loc":{"start":{"line":21,"column":41},"end":{"line":41,"column":1}},"line":21},"6":{"name":"Templator","decl":{"start":{"line":22,"column":11},"end":{"line":22,"column":20}},"loc":{"start":{"line":22,"column":31},"end":{"line":28,"column":3}},"line":22},"7":{"name":"compile","decl":{"start":{"line":32,"column":20},"end":{"line":32,"column":27}},"loc":{"start":{"line":32,"column":37},"end":{"line":37,"column":5}},"line":32},"8":{"name":"(anonymous_8)","decl":{"start":{"line":34,"column":27},"end":{"line":34,"column":28}},"loc":{"start":{"line":34,"column":47},"end":{"line":36,"column":7}},"line":34}},"branchMap":{"0":{"loc":{"start":{"line":10,"column":46},"end":{"line":10,"column":94}},"type":"cond-expr","locations":[{"start":{"line":10,"column":70},"end":{"line":10,"column":73}},{"start":{"line":10,"column":76},"end":{"line":10,"column":94}}],"line":10},"1":{"loc":{"start":{"line":10,"column":46},"end":{"line":10,"column":67}},"type":"binary-expr","locations":[{"start":{"line":10,"column":46},"end":{"line":10,"column":49}},{"start":{"line":10,"column":53},"end":{"line":10,"column":67}}],"line":10},"2":{"loc":{"start":{"line":12,"column":50},"end":{"line":12,"column":151}},"type":"if","locations":[{"start":{"line":12,"column":50},"end":{"line":12,"column":151}},{"start":{"line":12,"column":50},"end":{"line":12,"column":151}}],"line":12},"3":{"loc":{"start":{"line":14,"column":136},"end":{"line":14,"column":166}},"type":"binary-expr","locations":[{"start":{"line":14,"column":136},"end":{"line":14,"column":157}},{"start":{"line":14,"column":161},"end":{"line":14,"column":166}}],"line":14},"4":{"loc":{"start":{"line":14,"column":200},"end":{"line":14,"column":254}},"type":"if","locations":[{"start":{"line":14,"column":200},"end":{"line":14,"column":254}},{"start":{"line":14,"column":200},"end":{"line":14,"column":254}}],"line":14},"5":{"loc":{"start":{"line":16,"column":62},"end":{"line":16,"column":131}},"type":"if","locations":[{"start":{"line":16,"column":62},"end":{"line":16,"column":131}},{"start":{"line":16,"column":62},"end":{"line":16,"column":131}}],"line":16},"6":{"loc":{"start":{"line":16,"column":132},"end":{"line":16,"column":193}},"type":"if","locations":[{"start":{"line":16,"column":132},"end":{"line":16,"column":193}},{"start":{"line":16,"column":132},"end":{"line":16,"column":193}}],"line":16},"7":{"loc":{"start":{"line":18,"column":44},"end":{"line":18,"column":195}},"type":"if","locations":[{"start":{"line":18,"column":44},"end":{"line":18,"column":195}},{"start":{"line":18,"column":44},"end":{"line":18,"column":195}}],"line":18}},"s":{"0":1,"1":1,"2":1,"3":1,"4":19,"5":0,"6":1,"7":1,"8":1,"9":1,"10":1,"11":1,"12":1,"13":1,"14":1,"15":1,"16":1,"17":0,"18":1,"19":19,"20":0,"21":19,"22":19,"23":1,"24":19,"25":19,"26":19,"27":1,"28":19,"29":19,"30":19,"31":1,"32":1,"33":1},"f":{"0":1,"1":19,"2":1,"3":1,"4":19,"5":1,"6":19,"7":19,"8":19},"b":{"0":[1,0],"1":[1,1],"2":[0,19],"3":[1,1],"4":[1,0],"5":[1,0],"6":[0,1],"7":[0,19]},"inputSourceMap":{"version":3,"sources":["Templator.ts"],"names":["Templator","template","_template","context","textNodes","TextNodeParser","findAllTextNodes","map","textNode","toHTMLElement"],"mappings":";;;;;;;AAAA;;;;;;;;;;;;AAGA;IAEMA,S;AAGF,qBAAYC,QAAZ,EAA8B;AAAA;;AAAA;;AAC1B,SAAKC,SAAL,GAAiBD,QAAjB;AACH;;;;4BAEOE,O,EAAiC;AACrC,UAAMC,SAAS,GAAG,IAAIC,0BAAJ,CAAmB,KAAKH,SAAxB,EAAmCI,gBAAnC,EAAlB;AACA,aAAOF,SAAS,CAACG,GAAV,CAAc,UAACC,QAAD,EAAc;AAC/B,eAAOA,QAAQ,CAACC,aAAT,CAAuBN,OAAvB,CAAP;AACH,OAFM,CAAP;AAGH;;;;;;eAGUH,S","sourceRoot":"/home/shipko/devel/messenger-yandex/utils/templator/","sourcesContent":["import TextNodeParser from './TextNodeParser'\nimport { Context } from '../../types/Types'\n\n/* global HTMLElement */\n\nclass Templator {\n    _template: string\n\n    constructor(template: string) {\n        this._template = template\n    }\n\n    compile(context: Context): HTMLElement[] {\n        const textNodes = new TextNodeParser(this._template).findAllTextNodes()\n        return textNodes.map((textNode) => {\n            return textNode.toHTMLElement(context)\n        })\n    }\n}\n\nexport default Templator\n"]},"_coverageSchema":"1a1c01bbd47fc00a2c39e90264f33305004495a9","hash":"1d492532c731aaf1869836ab7e363f0aaa51e889"},"/home/shipko/devel/messenger-yandex/utils/templator/TextNodeParser.ts":{"path":"/home/shipko/devel/messenger-yandex/utils/templator/TextNodeParser.ts","statementMap":{"0":{"start":{"line":3,"column":0},"end":{"line":5,"column":3}},"1":{"start":{"line":6,"column":0},"end":{"line":6,"column":28}},"2":{"start":{"line":8,"column":16},"end":{"line":8,"column":61}},"3":{"start":{"line":10,"column":39},"end":{"line":10,"column":95}},"4":{"start":{"line":12,"column":50},"end":{"line":12,"column":151}},"5":{"start":{"line":12,"column":92},"end":{"line":12,"column":149}},"6":{"start":{"line":14,"column":44},"end":{"line":14,"column":315}},"7":{"start":{"line":14,"column":57},"end":{"line":14,"column":58}},"8":{"start":{"line":14,"column":102},"end":{"line":14,"column":110}},"9":{"start":{"line":14,"column":112},"end":{"line":14,"column":167}},"10":{"start":{"line":14,"column":168},"end":{"line":14,"column":199}},"11":{"start":{"line":14,"column":200},"end":{"line":14,"column":254}},"12":{"start":{"line":14,"column":227},"end":{"line":14,"column":254}},"13":{"start":{"line":14,"column":255},"end":{"line":14,"column":313}},"14":{"start":{"line":16,"column":62},"end":{"line":16,"column":131}},"15":{"start":{"line":16,"column":78},"end":{"line":16,"column":131}},"16":{"start":{"line":16,"column":132},"end":{"line":16,"column":193}},"17":{"start":{"line":16,"column":149},"end":{"line":16,"column":193}},"18":{"start":{"line":16,"column":194},"end":{"line":16,"column":213}},"19":{"start":{"line":18,"column":44},"end":{"line":18,"column":195}},"20":{"start":{"line":18,"column":62},"end":{"line":18,"column":166}},"21":{"start":{"line":18,"column":176},"end":{"line":18,"column":193}},"22":{"start":{"line":18,"column":196},"end":{"line":18,"column":207}},"23":{"start":{"line":20,"column":34},"end":{"line":182,"column":3}},"24":{"start":{"line":22,"column":4},"end":{"line":22,"column":42}},"25":{"start":{"line":24,"column":4},"end":{"line":24,"column":47}},"26":{"start":{"line":26,"column":4},"end":{"line":26,"column":30}},"27":{"start":{"line":29,"column":2},"end":{"line":179,"column":6}},"28":{"start":{"line":32,"column":21},"end":{"line":32,"column":35}},"29":{"start":{"line":33,"column":24},"end":{"line":33,"column":26}},"30":{"start":{"line":34,"column":21},"end":{"line":34,"column":22}},"31":{"start":{"line":35,"column":27},"end":{"line":35,"column":81}},"32":{"start":{"line":37,"column":6},"end":{"line":50,"column":7}},"33":{"start":{"line":38,"column":8},"end":{"line":40,"column":9}},"34":{"start":{"line":39,"column":10},"end":{"line":39,"column":57}},"35":{"start":{"line":42,"column":30},"end":{"line":42,"column":58}},"36":{"start":{"line":44,"column":8},"end":{"line":44,"column":44}},"37":{"start":{"line":45,"column":8},"end":{"line":45,"column":48}},"38":{"start":{"line":47,"column":8},"end":{"line":49,"column":9}},"39":{"start":{"line":48,"column":10},"end":{"line":48,"column":51}},"40":{"start":{"line":52,"column":6},"end":{"line":54,"column":7}},"41":{"start":{"line":53,"column":8},"end":{"line":53,"column":69}},"42":{"start":{"line":56,"column":6},"end":{"line":56,"column":25}},"43":{"start":{"line":62,"column":30},"end":{"line":62,"column":168}},"44":{"start":{"line":63,"column":6},"end":{"line":63,"column":49}},"45":{"start":{"line":68,"column":6},"end":{"line":72,"column":7}},"46":{"start":{"line":69,"column":8},"end":{"line":69,"column":60}},"47":{"start":{"line":71,"column":8},"end":{"line":71,"column":54}},"48":{"start":{"line":78,"column":36},"end":{"line":78,"column":55}},"49":{"start":{"line":79,"column":33},"end":{"line":79,"column":71}},"50":{"start":{"line":81,"column":6},"end":{"line":90,"column":7}},"51":{"start":{"line":82,"column":24},"end":{"line":82,"column":25}},"52":{"start":{"line":83,"column":29},"end":{"line":83,"column":30}},"53":{"start":{"line":84,"column":18},"end":{"line":84,"column":49}},"54":{"start":{"line":85,"column":22},"end":{"line":85,"column":58}},"55":{"start":{"line":86,"column":8},"end":{"line":89,"column":10}},"56":{"start":{"line":92,"column":6},"end":{"line":95,"column":8}},"57":{"start":{"line":101,"column":29},"end":{"line":101,"column":46}},"58":{"start":{"line":102,"column":29},"end":{"line":102,"column":60}},"59":{"start":{"line":104,"column":6},"end":{"line":109,"column":7}},"60":{"start":{"line":105,"column":8},"end":{"line":108,"column":10}},"61":{"start":{"line":111,"column":22},"end":{"line":111,"column":23}},"62":{"start":{"line":112,"column":27},"end":{"line":112,"column":28}},"63":{"start":{"line":113,"column":23},"end":{"line":113,"column":45}},"64":{"start":{"line":114,"column":23},"end":{"line":114,"column":50}},"65":{"start":{"line":115,"column":27},"end":{"line":115,"column":59}},"66":{"start":{"line":116,"column":23},"end":{"line":116,"column":86}},"67":{"start":{"line":117,"column":21},"end":{"line":117,"column":25}},"68":{"start":{"line":118,"column":19},"end":{"line":118,"column":23}},"69":{"start":{"line":119,"column":20},"end":{"line":119,"column":22}},"70":{"start":{"line":120,"column":25},"end":{"line":120,"column":29}},"71":{"start":{"line":122,"column":6},"end":{"line":138,"column":7}},"72":{"start":{"line":123,"column":25},"end":{"line":123,"column":26}},"73":{"start":{"line":124,"column":18},"end":{"line":124,"column":36}},"74":{"start":{"line":126,"column":8},"end":{"line":137,"column":9}},"75":{"start":{"line":127,"column":10},"end":{"line":127,"column":20}},"76":{"start":{"line":128,"column":15},"end":{"line":137,"column":9}},"77":{"start":{"line":129,"column":10},"end":{"line":129,"column":20}},"78":{"start":{"line":130,"column":15},"end":{"line":137,"column":9}},"79":{"start":{"line":131,"column":10},"end":{"line":131,"column":47}},"80":{"start":{"line":132,"column":10},"end":{"line":132,"column":73}},"81":{"start":{"line":134,"column":25},"end":{"line":134,"column":100}},"82":{"start":{"line":135,"column":10},"end":{"line":135,"column":80}},"83":{"start":{"line":136,"column":10},"end":{"line":136,"column":16}},"84":{"start":{"line":141,"column":6},"end":{"line":144,"column":8}},"85":{"start":{"line":149,"column":36},"end":{"line":149,"column":55}},"86":{"start":{"line":150,"column":19},"end":{"line":150,"column":64}},"87":{"start":{"line":151,"column":6},"end":{"line":151,"column":44}},"88":{"start":{"line":156,"column":31},"end":{"line":156,"column":47}},"89":{"start":{"line":157,"column":6},"end":{"line":157,"column":44}},"90":{"start":{"line":162,"column":31},"end":{"line":162,"column":48}},"91":{"start":{"line":163,"column":6},"end":{"line":163,"column":44}},"92":{"start":{"line":168,"column":6},"end":{"line":168,"column":88}},"93":{"start":{"line":173,"column":6},"end":{"line":177,"column":7}},"94":{"start":{"line":174,"column":8},"end":{"line":174,"column":121}},"95":{"start":{"line":176,"column":8},"end":{"line":176,"column":82}},"96":{"start":{"line":181,"column":2},"end":{"line":181,"column":24}},"97":{"start":{"line":184,"column":15},"end":{"line":184,"column":29}},"98":{"start":{"line":185,"column":0},"end":{"line":185,"column":30}}},"fnMap":{"0":{"name":"_interopRequireDefault","decl":{"start":{"line":10,"column":9},"end":{"line":10,"column":31}},"loc":{"start":{"line":10,"column":37},"end":{"line":10,"column":97}},"line":10},"1":{"name":"_classCallCheck","decl":{"start":{"line":12,"column":9},"end":{"line":12,"column":24}},"loc":{"start":{"line":12,"column":48},"end":{"line":12,"column":153}},"line":12},"2":{"name":"_defineProperties","decl":{"start":{"line":14,"column":9},"end":{"line":14,"column":26}},"loc":{"start":{"line":14,"column":42},"end":{"line":14,"column":317}},"line":14},"3":{"name":"_createClass","decl":{"start":{"line":16,"column":9},"end":{"line":16,"column":21}},"loc":{"start":{"line":16,"column":60},"end":{"line":16,"column":215}},"line":16},"4":{"name":"_defineProperty","decl":{"start":{"line":18,"column":9},"end":{"line":18,"column":24}},"loc":{"start":{"line":18,"column":42},"end":{"line":18,"column":209}},"line":18},"5":{"name":"(anonymous_5)","decl":{"start":{"line":20,"column":34},"end":{"line":20,"column":35}},"loc":{"start":{"line":20,"column":46},"end":{"line":182,"column":1}},"line":20},"6":{"name":"TextNodeParser","decl":{"start":{"line":21,"column":11},"end":{"line":21,"column":25}},"loc":{"start":{"line":21,"column":36},"end":{"line":27,"column":3}},"line":21},"7":{"name":"findAllTextNodes","decl":{"start":{"line":31,"column":20},"end":{"line":31,"column":36}},"loc":{"start":{"line":31,"column":39},"end":{"line":57,"column":5}},"line":31},"8":{"name":"_isAvailableTag","decl":{"start":{"line":60,"column":20},"end":{"line":60,"column":35}},"loc":{"start":{"line":60,"column":45},"end":{"line":64,"column":5}},"line":60},"9":{"name":"_findTextNode","decl":{"start":{"line":67,"column":20},"end":{"line":67,"column":33}},"loc":{"start":{"line":67,"column":44},"end":{"line":73,"column":5}},"line":67},"10":{"name":"_findTextNodeInSelfClosingTag","decl":{"start":{"line":77,"column":20},"end":{"line":77,"column":49}},"loc":{"start":{"line":77,"column":60},"end":{"line":96,"column":5}},"line":77},"11":{"name":"_findTextNodeInUsualTag","decl":{"start":{"line":100,"column":20},"end":{"line":100,"column":43}},"loc":{"start":{"line":100,"column":54},"end":{"line":145,"column":5}},"line":100},"12":{"name":"_isStartsWithSelfClosingTag","decl":{"start":{"line":148,"column":20},"end":{"line":148,"column":47}},"loc":{"start":{"line":148,"column":58},"end":{"line":152,"column":5}},"line":148},"13":{"name":"_isOpeningTag","decl":{"start":{"line":155,"column":20},"end":{"line":155,"column":33}},"loc":{"start":{"line":155,"column":39},"end":{"line":158,"column":5}},"line":155},"14":{"name":"_isClosingTag","decl":{"start":{"line":161,"column":20},"end":{"line":161,"column":33}},"loc":{"start":{"line":161,"column":39},"end":{"line":164,"column":5}},"line":161},"15":{"name":"_isParsable","decl":{"start":{"line":167,"column":20},"end":{"line":167,"column":31}},"loc":{"start":{"line":167,"column":42},"end":{"line":169,"column":5}},"line":167},"16":{"name":"_generateTextNode","decl":{"start":{"line":172,"column":20},"end":{"line":172,"column":37}},"loc":{"start":{"line":172,"column":69},"end":{"line":178,"column":5}},"line":172}},"branchMap":{"0":{"loc":{"start":{"line":10,"column":46},"end":{"line":10,"column":94}},"type":"cond-expr","locations":[{"start":{"line":10,"column":70},"end":{"line":10,"column":73}},{"start":{"line":10,"column":76},"end":{"line":10,"column":94}}],"line":10},"1":{"loc":{"start":{"line":10,"column":46},"end":{"line":10,"column":67}},"type":"binary-expr","locations":[{"start":{"line":10,"column":46},"end":{"line":10,"column":49}},{"start":{"line":10,"column":53},"end":{"line":10,"column":67}}],"line":10},"2":{"loc":{"start":{"line":12,"column":50},"end":{"line":12,"column":151}},"type":"if","locations":[{"start":{"line":12,"column":50},"end":{"line":12,"column":151}},{"start":{"line":12,"column":50},"end":{"line":12,"column":151}}],"line":12},"3":{"loc":{"start":{"line":14,"column":136},"end":{"line":14,"column":166}},"type":"binary-expr","locations":[{"start":{"line":14,"column":136},"end":{"line":14,"column":157}},{"start":{"line":14,"column":161},"end":{"line":14,"column":166}}],"line":14},"4":{"loc":{"start":{"line":14,"column":200},"end":{"line":14,"column":254}},"type":"if","locations":[{"start":{"line":14,"column":200},"end":{"line":14,"column":254}},{"start":{"line":14,"column":200},"end":{"line":14,"column":254}}],"line":14},"5":{"loc":{"start":{"line":16,"column":62},"end":{"line":16,"column":131}},"type":"if","locations":[{"start":{"line":16,"column":62},"end":{"line":16,"column":131}},{"start":{"line":16,"column":62},"end":{"line":16,"column":131}}],"line":16},"6":{"loc":{"start":{"line":16,"column":132},"end":{"line":16,"column":193}},"type":"if","locations":[{"start":{"line":16,"column":132},"end":{"line":16,"column":193}},{"start":{"line":16,"column":132},"end":{"line":16,"column":193}}],"line":16},"7":{"loc":{"start":{"line":18,"column":44},"end":{"line":18,"column":195}},"type":"if","locations":[{"start":{"line":18,"column":44},"end":{"line":18,"column":195}},{"start":{"line":18,"column":44},"end":{"line":18,"column":195}}],"line":18},"8":{"loc":{"start":{"line":38,"column":8},"end":{"line":40,"column":9}},"type":"if","locations":[{"start":{"line":38,"column":8},"end":{"line":40,"column":9}},{"start":{"line":38,"column":8},"end":{"line":40,"column":9}}],"line":38},"9":{"loc":{"start":{"line":47,"column":8},"end":{"line":49,"column":9}},"type":"if","locations":[{"start":{"line":47,"column":8},"end":{"line":49,"column":9}},{"start":{"line":47,"column":8},"end":{"line":49,"column":9}}],"line":47},"10":{"loc":{"start":{"line":47,"column":12},"end":{"line":47,"column":99}},"type":"binary-expr","locations":[{"start":{"line":47,"column":12},"end":{"line":47,"column":43}},{"start":{"line":47,"column":47},"end":{"line":47,"column":99}}],"line":47},"11":{"loc":{"start":{"line":52,"column":6},"end":{"line":54,"column":7}},"type":"if","locations":[{"start":{"line":52,"column":6},"end":{"line":54,"column":7}},{"start":{"line":52,"column":6},"end":{"line":54,"column":7}}],"line":52},"12":{"loc":{"start":{"line":68,"column":6},"end":{"line":72,"column":7}},"type":"if","locations":[{"start":{"line":68,"column":6},"end":{"line":72,"column":7}},{"start":{"line":68,"column":6},"end":{"line":72,"column":7}}],"line":68},"13":{"loc":{"start":{"line":81,"column":6},"end":{"line":90,"column":7}},"type":"if","locations":[{"start":{"line":81,"column":6},"end":{"line":90,"column":7}},{"start":{"line":81,"column":6},"end":{"line":90,"column":7}}],"line":81},"14":{"loc":{"start":{"line":104,"column":6},"end":{"line":109,"column":7}},"type":"if","locations":[{"start":{"line":104,"column":6},"end":{"line":109,"column":7}},{"start":{"line":104,"column":6},"end":{"line":109,"column":7}}],"line":104},"15":{"loc":{"start":{"line":126,"column":8},"end":{"line":137,"column":9}},"type":"if","locations":[{"start":{"line":126,"column":8},"end":{"line":137,"column":9}},{"start":{"line":126,"column":8},"end":{"line":137,"column":9}}],"line":126},"16":{"loc":{"start":{"line":128,"column":15},"end":{"line":137,"column":9}},"type":"if","locations":[{"start":{"line":128,"column":15},"end":{"line":137,"column":9}},{"start":{"line":128,"column":15},"end":{"line":137,"column":9}}],"line":128},"17":{"loc":{"start":{"line":128,"column":19},"end":{"line":128,"column":57}},"type":"binary-expr","locations":[{"start":{"line":128,"column":19},"end":{"line":128,"column":42}},{"start":{"line":128,"column":46},"end":{"line":128,"column":57}}],"line":128},"18":{"loc":{"start":{"line":130,"column":15},"end":{"line":137,"column":9}},"type":"if","locations":[{"start":{"line":130,"column":15},"end":{"line":137,"column":9}},{"start":{"line":130,"column":15},"end":{"line":137,"column":9}}],"line":130},"19":{"loc":{"start":{"line":130,"column":19},"end":{"line":130,"column":59}},"type":"binary-expr","locations":[{"start":{"line":130,"column":19},"end":{"line":130,"column":42}},{"start":{"line":130,"column":46},"end":{"line":130,"column":59}}],"line":130},"20":{"loc":{"start":{"line":151,"column":13},"end":{"line":151,"column":43}},"type":"binary-expr","locations":[{"start":{"line":151,"column":13},"end":{"line":151,"column":21}},{"start":{"line":151,"column":25},"end":{"line":151,"column":43}}],"line":151},"21":{"loc":{"start":{"line":168,"column":13},"end":{"line":168,"column":87}},"type":"binary-expr","locations":[{"start":{"line":168,"column":13},"end":{"line":168,"column":41}},{"start":{"line":168,"column":45},"end":{"line":168,"column":87}}],"line":168},"22":{"loc":{"start":{"line":173,"column":6},"end":{"line":177,"column":7}},"type":"if","locations":[{"start":{"line":173,"column":6},"end":{"line":177,"column":7}},{"start":{"line":173,"column":6},"end":{"line":177,"column":7}}],"line":173}},"s":{"0":1,"1":1,"2":1,"3":1,"4":36,"5":0,"6":1,"7":1,"8":10,"9":10,"10":10,"11":10,"12":10,"13":10,"14":1,"15":1,"16":1,"17":0,"18":1,"19":36,"20":0,"21":36,"22":36,"23":1,"24":36,"25":36,"26":36,"27":1,"28":28,"29":24,"30":24,"31":24,"32":24,"33":51,"34":51,"35":51,"36":51,"37":51,"38":51,"39":27,"40":24,"41":0,"42":24,"43":30,"44":30,"45":51,"46":1,"47":50,"48":10,"49":10,"50":10,"51":4,"52":4,"53":4,"54":4,"55":4,"56":6,"57":60,"58":60,"59":60,"60":28,"61":32,"62":32,"63":32,"64":32,"65":32,"66":32,"67":32,"68":32,"69":32,"70":32,"71":32,"72":64,"73":64,"74":64,"75":31,"76":33,"77":1,"78":32,"79":30,"80":30,"81":30,"82":30,"83":30,"84":32,"85":94,"86":94,"87":94,"88":109,"89":109,"90":71,"91":71,"92":39,"93":32,"94":2,"95":30,"96":1,"97":1,"98":1},"f":{"0":1,"1":36,"2":1,"3":1,"4":36,"5":1,"6":36,"7":28,"8":30,"9":51,"10":10,"11":60,"12":94,"13":109,"14":71,"15":39,"16":32},"b":{"0":[1,0],"1":[1,1],"2":[0,36],"3":[10,10],"4":[10,0],"5":[1,0],"6":[0,1],"7":[0,36],"8":[51,0],"9":[27,24],"10":[51,27],"11":[0,24],"12":[1,50],"13":[4,6],"14":[28,32],"15":[31,33],"16":[1,32],"17":[33,31],"18":[30,2],"19":[32,30],"20":[94,6],"21":[39,36],"22":[2,30]},"inputSourceMap":{"version":3,"sources":["TextNodeParser.ts"],"names":["TextNodeParser","template","_template","textNodeArr","endIndex","previousResult","TextNode","undefined","substring","trim","executionResult","_findTextNode","result","_isAvailableTag","tagName","push","length","Error","availableTagNames","includes","_isStartsWithSelfClosingTag","_findTextNodeInSelfClosingTag","_findTextNodeInUsualTag","SELF_CLOSING_TAG_REGEXP","selfClosingTagObject","exec","TAG_INDEX","TAG_NAME_INDEX","tag","USUAL_TAG_REGEXP","openingTagObject","startIndex","index","openingTag","openingTagName","TAG_REGEXP","RegExp","counter","resultString","_isOpeningTag","_isClosingTag","entrails","_generateTextNode","OPENING_TAG_REGEXP","CLOSING_TAG_REGEXP","_isParsable","findAllTextNodes"],"mappings":";;;;;;;AAAA;;;;;;;;;;;;IAQMA,c;AAGF,0BAAYC,QAAZ,EAA8B;AAAA;;AAAA;;AAC1B,SAAKC,SAAL,GAAiBD,QAAjB;AACH;;;;uCAE8B;AAC3B,UAAIA,QAAQ,GAAG,KAAKC,SAApB;AACA,UAAMC,WAAW,GAAG,EAApB;AACA,UAAIC,QAA0B,GAAG,CAAjC;AACA,UAAIC,cAAkC,GAAG,IAAIC,oBAAJ,CAAa,EAAb,EAAiB,EAAjB,EAAqBC,SAArB,EAAgCA,SAAhC,CAAzC;;AACA,aAAOF,cAAc,KAAK,IAA1B,EAAgC;AAC5B,YAAI,OAAOD,QAAP
[...]
:85,"column":7}},"type":"if","locations":[{"start":{"line":83,"column":6},"end":{"line":85,"column":7}},{"start":{"line":83,"column":6},"end":{"line":85,"column":7}}],"line":83},"12":{"loc":{"start":{"line":83,"column":10},"end":{"line":83,"column":60}},"type":"binary-expr","locations":[{"start":{"line":83,"column":10},"end":{"line":83,"column":28}},{"start":{"line":83,"column":32},"end":{"line":83,"column":60}}],"line":83}},"s":{"0":1,"1":1,"2":1,"3":1,"4":12,"5":0,"6":1,"7":1,"8":9,"9":9,"10":9,"11":9,"12":9,"13":9,"14":1,"15":1,"16":1,"17":0,"18":1,"19":61,"20":0,"21":61,"22":61,"23":1,"24":12,"25":12,"26":12,"27":12,"28":12,"29":12,"30":12,"31":6,"32":6,"33":6,"34":6,"35":6,"36":6,"37":1,"38":18,"39":18,"40":18,"41":1,"42":1,"43":6,"44":6,"45":1,"46":6,"47":11,"48":11,"49":2,"50":1,"51":1,"52":10,"53":4,"54":10,"55":10,"56":4,"57":4,"58":1,"59":0,"60":11,"61":17,"62":6,"63":1,"64":1,"65":1,"66":1},"f":{"0":1,"1":12,"2":1,"3":1,"4":61,"5":1,"6":12,"7":18,"8":1,"9":6,"10":1,"11":11,"12":4,"13":1,"14":0,"15":11,"16":17,"17":6},"b":{"0":[1,0],"1":[1,1],"2":[0,12],"3":[9,9],"4":[9,0],"5":[1,0],"6":[0,1],"7":[0,61],"8":[6,6],"9":[2,9],"10":[1,1],"11":[4,6],"12":[10,4]},"inputSourceMap":{"version":3,"sources":["Router.ts"],"names":["Router","rootQuery","__instance","routes","history","window","_currentRoute","_rootQuery","pathname","block","route","Route","push","notFoundPage","_notFoundPage","onpopstate","event","_onRoute","currentTarget","location","_getRoute","leave","render","pushState","back","forward","find","match"],"mappings":";;;;;;;AAAA;;;;;;;;;;;;AAIA;IAEMA,M;AAQF,kBAAYC,SAAZ,EAA+B;AAAA;;AAAA;;AAAA;;AAAA;;AAAA;;AAAA;;AAC3B,QAAID,MAAM,CAACE,UAAX,EAAuB;AACnB,aAAOF,MAAM,CAACE,UAAd;AACH;;AACD,SAAKC,MAAL,GAAc,EAAd;AACA,SAAKC,OAAL,GAAeC,MAAM,CAACD,OAAtB;AACA,SAAKE,aAAL,GAAqB,IAArB;AACA,SAAKC,UAAL,GAAkBN,SAAlB;AACAD,IAAAA,MAAM,CAACE,UAAP,GAAoB,IAApB;AACH;;;;wBAEGM,Q,EAAkBC,K,EAAuB;AACzC,UAAMC,KAAK,GAAG,IAAIC,iBAAJ,CAAUH,QAAV,EAAoBC,KAApB,EAA2B,KAAKF,UAAhC,CAAd;AACA,WAAKJ,MAAL,CAAYS,IAAZ,CAAiBF,KAAjB;AACA,aAAO,IAAP;AACH;;;gCAEWG,Y,EAA8B;AACtC,WAAKC,aAAL,GAAqBD,YAArB;AACA,aAAO,IAAP;AACH;;;4BAEO;AAAA;;AACJR,MAAAA,MAAM,CAACU,UAAP,GAAoB,UAACC,KAAD,EAAkB;AAClC,QAAA,KAAI,CAACC,QAAL,CAAeD,KAAK,CAACE,aAAP,CAAgCC,QAAhC,CAAyCX,QAAvD;AACH,OAFD;;AAGA,WAAKS,QAAL,CAAcZ,MAAM,CAACc,QAAP,CAAgBX,QAA9B;AACH;;;6BAEQA,Q,EAAkB;AACvB,UAAIE,KAAK,GAAG,KAAKU,SAAL,CAAeZ,QAAf,CAAZ;;AACA,UAAI,CAACE,KAAL,EAAY;AACR,YAAI,KAAKI,aAAT,EAAwB;AACpBJ,UAAAA,KAAK,GAAG,IAAIC,iBAAJ,CAAUH,QAAV,EAAoB,KAAKM,aAAzB,EAAwC,KAAKP,UAA7C,CAAR;AACH,SAFD,MAEO;AACH;AACH;AACJ;;AACD,UAAI,KAAKD,aAAL,IAAsB,KAAKA,aAAL,KAAuBI,KAAjD,EAAwD;AACpD,aAAKJ,aAAL,CAAmBe,KAAnB;AACH;;AACD,WAAKf,aAAL,GAAqBI,KAArB;AACAA,MAAAA,KAAK,CAACY,MAAN;AACH;;;uBAEEd,Q,EAAkB;AACjB,WAAKJ,OAAL,CAAamB,SAAb,CAAuB,EAAvB,EAA2B,EAA3B,EAA+Bf,QAA/B;;AACA,WAAKS,QAAL,CAAcT,QAAd;AACH;;;2BAEM;AACH,WAAKJ,OAAL,CAAaoB,IAAb;AACH;;;8BAES;AACN,WAAKpB,OAAL,CAAaqB,OAAb;AACH;;;8BAESjB,Q,EAAkB;AACxB,aAAO,KAAKL,MAAL,CAAYuB,IAAZ,CAAiB,UAAAhB,KAAK;AAAA,eAAIA,KAAK,CAACiB,KAAN,CAAYnB,QAAZ,CAAJ;AAAA,OAAtB,CAAP;AACH;;;+BAEU;AACPR,MAAAA,MAAM,CAACE,UAAP,GAAoB,IAApB;AACH;;;;;;gBAxECF,M;;eA2ESA,M","sourceRoot":"/home/shipko/devel/messenger-yandex/utils/router/","sourcesContent":["import Route from './Route'\nimport Component from '../Component'\nimport { Nullable } from '../../types/Types'\n\n/* global History, Event, Window */\n\nclass Router {\n    routes: Route[]\n    _rootQuery: string\n    history: History\n    static __instance: Nullable<Router>\n    _currentRoute: Nullable<Route>\n    _notFoundPage?: Component<any>\n\n    constructor(rootQuery: string) {\n        if (Router.__instance) {\n            return Router.__instance\n        }\n        this.routes = []\n        this.history = window.history\n        this._currentRoute = null\n        this._rootQuery = rootQuery\n        Router.__instance = this\n    }\n\n    use(pathname: string, block: Component<any>) {\n        const route = new Route(pathname, block, this._rootQuery)\n        this.routes.push(route)\n        return this\n    }\n\n    useNotFound(notFoundPage: Component<any>) {\n        this._notFoundPage = notFoundPage\n        return this\n    }\n\n    start() {\n        window.onpopstate = (event: Event) => {\n            this._onRoute((event.currentTarget as Window).location.pathname)\n        }\n        this._onRoute(window.location.pathname)\n    }\n\n    _onRoute(pathname: string) {\n        let route = this._getRoute(pathname)\n        if (!route) {\n            if (this._notFoundPage) {\n                route = new Route(pathname, this._notFoundPage, this._rootQuery)\n            } else {\n                return\n            }\n        }\n        if (this._currentRoute && this._currentRoute !== route) {\n            this._currentRoute.leave()\n        }\n        this._currentRoute = route\n        route.render()\n    }\n\n    go(pathname: string) {\n        this.history.pushState({}, '', pathname)\n        this._onRoute(pathname)\n    }\n\n    back() {\n        this.history.back()\n    }\n\n    forward() {\n        this.history.forward()\n    }\n\n    _getRoute(pathname: string) {\n        return this.routes.find(route => route.match(pathname))\n    }\n\n    destruct() {\n        Router.__instance = null\n    }\n}\n\nexport default Router\n"]},"_coverageSchema":"1a1c01bbd47fc00a2c39e90264f33305004495a9","hash":"5dc19ec4f4620ee8722e7a83d1da984e7c21a14a"},"/home/shipko/devel/messenger-yandex/utils/router/Route.ts":{"path":"/home/shipko/devel/messenger-yandex/utils/router/Route.ts","statementMap":{"0":{"start":{"line":3,"column":0},"end":{"line":5,"column":3}},"1":{"start":{"line":6,"column":0},"end":{"line":6,"column":28}},"2":{"start":{"line":8,"column":17},"end":{"line":8,"column":40}},"3":{"start":{"line":10,"column":50},"end":{"line":10,"column":151}},"4":{"start":{"line":10,"column":92},"end":{"line":10,"column":149}},"5":{"start":{"line":12,"column":44},"end":{"line":12,"column":315}},"6":{"start":{"line":12,"column":57},"end":{"line":12,"column":58}},"7":{"start":{"line":12,"column":102},"end":{"line":12,"column":110}},"8":{"start":{"line":12,"column":112},"end":{"line":12,"column":167}},"9":{"start":{"line":12,"column":168},"end":{"line":12,"column":199}},"10":{"start":{"line":12,"column":200},"end":{"line":12,"column":254}},"11":{"start":{"line":12,"column":227},"end":{"line":12,"column":254}},"12":{"start":{"line":12,"column":255},"end":{"line":12,"column":313}},"13":{"start":{"line":14,"column":62},"end":{"line":14,"column":131}},"14":{"start":{"line":14,"column":78},"end":{"line":14,"column":131}},"15":{"start":{"line":14,"column":132},"end":{"line":14,"column":193}},"16":{"start":{"line":14,"column":149},"end":{"line":14,"column":193}},"17":{"start":{"line":14,"column":194},"end":{"line":14,"column":213}},"18":{"start":{"line":16,"column":44},"end":{"line":16,"column":195}},"19":{"start":{"line":16,"column":62},"end":{"line":16,"column":166}},"20":{"start":{"line":16,"column":176},"end":{"line":16,"column":193}},"21":{"start":{"line":16,"column":196},"end":{"line":16,"column":207}},"22":{"start":{"line":18,"column":25},"end":{"line":57,"column":3}},"23":{"start":{"line":20,"column":4},"end":{"line":20,"column":33}},"24":{"start":{"line":22,"column":4},"end":{"line":22,"column":47}},"25":{"start":{"line":24,"column":4},"end":{"line":24,"column":44}},"26":{"start":{"line":26,"column":4},"end":{"line":26,"column":48}},"27":{"start":{"line":28,"column":4},"end":{"line":28,"column":30}},"28":{"start":{"line":29,"column":4},"end":{"line":29,"column":33}},"29":{"start":{"line":30,"column":4},"end":{"line":30,"column":25}},"30":{"start":{"line":33,"column":2},"end":{"line":54,"column":6}},"31":{"start":{"line":36,"column":6},"end":{"line":42,"column":7}},"32":{"start":{"line":39,"column":8},"end":{"line":41,"column":11}},"33":{"start":{"line":40,"column":10},"end":{"line":40,"column":27}},"34":{"start":{"line":47,"column":6},"end":{"line":47,"column":41}},"35":{"start":{"line":52,"column":6},"end":{"line":52,"column":59}},"36":{"start":{"line":56,"column":2},"end":{"line":56,"column":15}},"37":{"start":{"line":59,"column":15},"end":{"line":59,"column":20}},"38":{"start":{"line":60,"column":0},"end":{"line":60,"column":30}}},"fnMap":{"0":{"name":"_classCallCheck","decl":{"start":{"line":10,"column":9},"end":{"line":10,"column":24}},"loc":{"start":{"line":10,"column":48},"end":{"line":10,"column":153}},"line":10},"1":{"name":"_defineProperties","decl":{"start":{"line":12,"column":9},"end":{"line":12,"column":26}},"loc":{"start":{"line":12,"column":42},"end":{"line":12,"column":317}},"line":12},"2":{"name":"_createClass","decl":{"start":{"line":14,"column":9},"end":{"line":14,"column":21}},"loc":{"start":{"line":14,"column":60},"end":{"line":14,"column":215}},"line":14},"3":{"name":"_defineProperty","decl":{"start":{"line":16,"column":9},"end":{"line":16,"column":24}},"loc":{"start":{"line":16,"column":42},"end":{"line":16,"column":209}},"line":16},"4":{"name":"(anonymous_4)","decl":{"start":{"line":18,"column":25},"end":{"line":18,"column":26}},"loc":{"start":{"line":18,"column":37},"end":{"line":57,"column":1}},"line":18},"5":{"name":"Route","decl":{"start":{"line":19,"column":11},"end":{"line":19,"column":16}},"loc":{"start":{"line":19,"column":47},"end":{"line":31,"column":3}},"line":19},"6":{"name":"leave","decl":{"start":{"line":35,"column":20},"end":{"line":35,"column":25}},"loc":{"start":{"line":35,"column":28},"end":{"line":43,"column":5}},"line":35},"7":{"name":"(anonymous_7)","decl":{"start":{"line":39,"column":145},"end":{"line":39,"column":146}},"loc":{"start":{"line":39,"column":164},"end":{"line":41,"column":9}},"line":39},"8":{"name":"match","decl":{"start":{"line":46,"column":20},"end":{"line":46,"column":25}},"loc":{"start":{"line":46,"column":36},"end":{"line":48,"column":5}},"line":46},"9":{"name":"render","decl":{"start":{"line":51,"column":20},"end":{"line":51,"column":26}},"loc":{"start":{"line":51,"column":29},"end":{"line":53,"column":5}},"line":51}},"branchMap":{"0":{"loc":{"start":{"line":10,"column":50},"end":{"line":10,"column":151}},"type":"if","locations":[{"start":{"line":10,"column":50},"end":{"line":10,"column":151}},{"start":{"line":10,"column":50},"end":{"line":10,"column":151}}],"line":10},"1":{"loc":{"start":{"line":12,"column":136},"end":{"line":12,"column":166}},"type":"binary-expr","locations":[{"start":{"line":12,"column":136},"end":{"line":12,"column":157}},{"start":{"line":12,"column":161},"end":{"line":12,"column":166}}],"line":12},"2":{"loc":{"start":{"line":12,"column":200},"end":{"line":12,"column":254}},"type":"if","locations":[{"start":{"line":12,"column":200},"end":{"line":12,"column":254}},{"start":{"line":12,"column":200},"end":{"line":12,"column":254}}],"line":12},"3":{"loc":{"start":{"line":14,"column":62},"end":{"line":14,"column":131}},"type":"if","locations":[{"start":{"line":14,"column":62},"end":{"line":14,"column":131}},{"start":{"line":14,"column":62},"end":{"line":14,"column":131}}],"line":14},"4":{"loc":{"start":{"line":14,"column":132},"end":{"line":14,"column":193}},"type":"if","locations":[{"start":{"line":14,"column":132},"end":{"line":14,"column":193}},{"start":{"line":14,"column":132},"end":{"line":14,"column":193}}],"line":14},"5":{"loc":{"start":{"line":16,"column":44},"end":{"line":16,"column":195}},"type":"if","locations":[{"start":{"line":16,"column":44},"end":{"line":16,"column":195}},{"start":{"line":16,"column":44},"end":{"line":16,"column":195}}],"line":16},"6":{"loc":{"start":{"line":36,"column":6},"end":{"line":42,"column":7}},"type":"if","locations":[{"start":{"line":36,"column":6},"end":{"line":42,"column":7}},{"start":{"line":36,"column":6},"end":{"line":42,"column":7}}],"line":36},"7":{"loc":{"start":{"line":39,"column":8},"end":{"line":41,"column":10}},"type":"cond-expr","locations":[{"start":{"line":39,"column":106},"end":{"line":39,"column":112}},{"start":{"line":39,"column":115},"end":{"line":41,"column":10}}],"line":39},"8":{"loc":{"start":{"line":39,"column":8},"end":{"line":39,"column":103}},"type":"binary-expr","locations":[{"start":{"line":39,"column":8},"end":{"line":39,"column":67}},{"start":{"line":39,"column":71},"end":{"line":39,"column":103}}],"line":39}},"s":{"0":1,"1":1,"2":1,"3":19,"4":0,"5":1,"6":1,"7":3,"8":3,"9":3,"10":3,"11":3,"12":3,"13":1,"14":1,"15":1,"16":0,"17":1,"18":57,"19":0,"20":57,"21":57,"22":1,"23":19,"24":19,"25":19,"26":19,"27":19,"28":19,"29":19,"30":1,"31":4,"32":4,"33":4,"34":17,"35":10,"36":1,"37":1,"38":1},"f":{"0":19,"1":1,"2":1,"3":57,"4":1,"5":19,"6":4,"7":4,"8":17,"9":10},"b":{"0":[0,19],"1":[3,3],"2":[3,0],"3":[1,0],"4":[0,1],"5":[0,57],"6":[4,0],"7":[0,4],"8":[4,4]},"inputSourceMap":{"version":3,"sources":["Route.ts"],"names":["Route","pathname","_block","_rootQuery","_pathname","getContent","forEach","element","remove"],"mappings":";;;;;;;AACA;;;;;;;;;;IAEMA,K;AAKF,iBAAYC,QAAZ,EAA8BC,MAA9B,EAAsDC,UAAtD,EAA0E;AAAA;;AAAA;;AAAA;;AAAA;;AACtE,SAAKC,SAAL,GAAiBH,QAAjB;AACA,SAAKE,UAAL,GAAkBA,UAAlB;AACA,SAAKD,MAAL,GAAcA,MAAd;AACH;;;;4BAEO;AACJ,UAAI,KAAKA,MAAT,EAAiB;AAAA;;AACb,sCAAKA,MAAL,CAAYG,UAAZ,kFAA0BC,OAA1B,CAAkC,UAACC,OAAD,EAAa;AAC3CA,UAAAA,OAAO,CAACC,MAAR;AACH,SAFD;AAGH;AACJ;;;0BAEKP,Q,EAAkB;AACpB,aAAOA,QAAQ,KAAK,KAAKG,SAAzB;AACH;;;6BAEQ;AACL,6BAAO,KAAKD,UAAZ,EAAwB,KAAKD,MAA7B;AACH;;;;;;eAGUF,K","sourceRoot":"/home/shipko/devel/messenger-yandex/utils/router/","sourcesContent":["import Component from '../Component'\nimport { render } from '../renderDom'\n\nclass Route {\n    _pathname: string\n    _block: Component<any>\n    _rootQuery: string\n\n    constructor(pathname: string, _block: Component<any>, _rootQuery: string) {\n        this._pathname = pathname\n        this._rootQuery = _rootQuery\n        this._block = _block\n    }\n\n    leave() {\n        if (this._block) {\n            this._block.getContent()?.forEach((element) => {\n                element.remove()\n            })\n        }\n    }\n\n    match(pathname: string) {\n        return pathname === this._pathname\n    }\n\n    render() {\n        render(this._rootQuery, this._block)\n    }\n}\n\nexport default Route\n"]},"_coverageSchema":"1a1c01bbd47fc00a2c39e90264f33305004495a9","hash":"9b0e0095308906ae18676ba95dc0426ff97ded5f"},"/home/shipko/devel/messenger-yandex/utils/renderDom.ts":{"path":"/home/shipko/devel/messenger-yandex/utils/renderDom.ts","statementMap":{"0":{"start":{"line":3,"column":0},"end":{"line":5,"column":3}},"1":{"start":{"line":6,"column":0},"end":{"line":6,"column":31}},"2":{"start":{"line":7,"column":0},"end":{"line":7,"column":24}},"3":{"start":{"line":11,"column":13},"end":{"line":11,"column":42}},"4":{"start":{"line":12,"column":16},"end":{"line":12,"column":34}},"5":{"start":{"line":14,"column":2},"end":{"line":20,"column":3}},"6":{"start":{"line":15,"column":4},"end":{"line":19,"column":7}},"7":{"start":{"line":16,"column":6},"end":{"line":18,"column":7}},"8":{"start":{"line":17,"column":8},"end":{"line":17,"column":31}},"9":{"start":{"line":22,"column":2},"end":{"line":22,"column":34}},"10":{"start":{"line":26,"column":13},"end":{"line":26,"column":42}},"11":{"start":{"line":27,"column":16},"end":{"line":27,"column":34}},"12":{"start":{"line":29,"column":2},"end":{"line":36,"column":3}},"13":{"start":{"line":30,"column":4},"end":{"line":34,"column":7}},"14":{"start":{"line":31,"column":6},"end":{"line":33,"column":7}},"15":{"start":{"line":32,"column":8},"end":{"line":32,"column":31}},"16":{"start":{"line":35,"column":4},"end":{"line":35,"column":36}}},"fnMap":{"0":{"name":"renderDom","decl":{"start":{"line":10,"column":9},"end":{"line":10,"column":18}},"loc":{"start":{"line":10,"column":26},"end":{"line":23,"column":1}},"line":10},"1":{"name":"(anonymous_1)","decl":{"start":{"line":15,"column":20},"end":{"line":15,"column":21}},"loc":{"start":{"line":15,"column":36},"end":{"line":19,"column":5}},"line":15},"2":{"name":"render","decl":{"start":{"line":25,"column":9},"end":{"line":25,"column":15}},"loc":{"start":{"line":25,"column":30},"end":{"line":37,"column":1}},"line":25},"3":{"name":"(anonymous_3)","decl":{"start":{"line":30,"column":20},"end":{"line":30,"column":21}},"loc":{"start":{"line":30,"column":36},"end":{"line":34,"column":5}},"line":30}},"branchMap":{"0":{"loc":{"start":{"line":14,"column":2},"end":{"line":20,"column":3}},"type":"if","locations":[{"start":{"line":14,"column":2},"end":{"line":20,"column":3}},{"start":{"line":14,"column":2},"end":{"line":20,"column":3}}],"line":14},"1":{"loc":{"start":{"line":14,"column":6},"end":{"line":14,"column":39}},"type":"binary-expr","locations":[{"start":{"line":14,"column":6},"end":{"line":14,"column":19}},{"start":{"line":14,"column":23},"end":{"line":14,"column":39}}],"line":14},"2":{"loc":{"start":{"line":16,"column":6},"end":{"line":18,"column":7}},"type":"if","locations":[{"start":{"line":16,"column":6},"end":{"line":18,"column":7}},{"start":{"line":16,"column":6},"end":{"line":18,"column":7}}],"line":16},"3":{"loc":{"start":{"line":29,"column":2},"end":{"line":36,"column":3}},"type":"if","locations":[{"start":{"line":29,"column":2},"end":{"line":36,"column":3}},{"start":{"line":29,"column":2},"end":{"line":36,"column":3}}],"line":29},"4":{"loc":{"start":{"line":29,"column":6},"end":{"line":29,"column":39}},"type":"binary-expr","locations":[{"start":{"line":29,"column":6},"end":{"line":29,"column":19}},{"start":{"line":29,"column":23},"end":{"line":29,"column":39}}],"line":29},"5":{"loc":{"start":{"line":31,"column":6},"end":{"line":33,"column":7}},"type":"if","locations":[{"start":{"line":31,"column":6},"end":{"line":33,"column":7}},{"start":{"line":31,"column":6},"end":{"line":33,"column":7}}],"line":31}},"s":{"0":1,"1":1,"2":1,"3":0,"4":0,"5":0,"6":0,"7":0,"8":0,"9":0,"10":10,"11":10,"12":10,"13":0,"14":0,"15":0,"16":0},"f":{"0":0,"1":0,"2":10,"3":0},"b":{"0":[0,0],"1":[0,0],"2":[0,0],"3":[0,10],"4":[10,0],"5":[0,0]},"inputSourceMap":{"version":3,"sources":["renderDom.ts"],"names":["renderDom","block","root","document","createElement","content","getContent","forEach","node","appendChild","body","render","query","querySelector"],"mappings":";;;;;;;;AAEA;AAEe,SAASA,SAAT,CAAmBC,KAAnB,EAAoD;AAC/D,MAAMC,IAAI,GAAGC,QAAQ,CAACC,aAAT,CAAuB,KAAvB,CAAb;AACA,MAAMC,OAAO,GAAGJ,KAAK,CAACK,UAAN,EAAhB;;AACA,MAAIJ,IAAI,KAAK,IAAT,IAAiBG,OAAO,KAAK,IAAjC,EAAuC;AACnCA,IAAAA,OAAO,CAACE,OAAR,CAAgB,UAACC,IAAD,EAAU;AACtB,UAAIA,IAAJ,EAAU;AACNN,QAAAA,IAAI,CAACO,WAAL,CAAiBD,IAAjB;AACH;AACJ,KAJD;AAKH;;AACDL,EAAAA,QAAQ,CAACO,IAAT,CAAcD,WAAd,CAA0BP,IAA1B;AACH;;AAEM,SAASS,MAAT,CAAgBC,KAAhB,EAA+BX,KAA/B,EAAgE;AACnE,MAAMC,IAAI,GAAGC,QAAQ,CAACU,aAAT,CAAuBD,KAAvB,CAAb;AACA,MAAMP,OAAO,GAAGJ,KAAK,CAACK,UAAN,EAAhB;;AACA,MAAIJ,IAAI,KAAK,IAAT,IAAiBG,OAAO,KAAK,IAAjC,EAAuC;AACnCA,IAAAA,OAAO,CAACE,OAAR,CAAgB,UAACC,IAAD,EAAU;AACtB,UAAIA,IAAJ,EAAU;AACNN,QAAAA,IAAI,CAACO,WAAL,CAAiBD,IAAjB;AACH;AACJ,KAJD;AAKAL,IAAAA,QAAQ,CAACO,IAAT,CAAcD,WAAd,CAA0BP,IAA1B;AACH;AACJ","sourceRoot":"/home/shipko/devel/messenger-yandex/utils/","sourcesContent":["import Component from './Component'\nimport { Context } from '../types/Types'\n/* global HTMLElement */\n\nexport default function renderDom(block: Component<Context>): void {\n    const root = document.createElement('div')\n    const content = block.getContent()\n    if (root !== null && content !== null) {\n        content.forEach((node) => {\n            if (node) {\n                root.appendChild(node)\n            }\n        })\n    }\n    document.body.appendChild(root)\n}\n\nexport function render(query: string, block: Component<Context>): void {\n    const root = document.querySelector(query)\n    const content = block.getContent()\n    if (root !== null && content !== null) {\n        content.forEach((node) => {\n            if (node) {\n                root.appendChild(node)\n            }\n        })\n        document.body.appendChild(root)\n    }\n}\n"]},"_coverageSchema":"1a1c01bbd47fc00a2c39e90264f33305004495a9","hash":"9d26e030e4b96ce67588aeeb892d06742d476559"}}